 2500.312  2.776758e+02 
 2500.938  2.809197e+02 
 2501.563  2.809439e+02 
 2502.189  2.827932e+02 
 2502.816  2.870208e+02 
 2503.442  2.869718e+02 
 2504.069  2.839823e+02 
 2504.696  2.862003e+02 
 2505.324  2.854210e+02 
 2505.952  2.878477e+02 
 2506.580  2.863427e+02 
 2507.208  2.802912e+02 
 2507.837  2.788231e+02 
 2508.466  2.828718e+02 
 2509.095  2.858032e+02 
 2509.725  2.841420e+02 
 2510.355  2.852413e+02 
 2510.986  2.879605e+02 
 2511.616  2.860996e+02 
 2512.247  2.862396e+02 
 2512.879  2.863259e+02 
 2513.510  2.844340e+02 
 2514.142  2.828265e+02 
 2514.774  2.874617e+02 
 2515.407  2.876537e+02 
 2516.040  2.877945e+02 
 2516.673  2.876789e+02 
 2517.307  2.880289e+02 
 2517.940  2.868524e+02 
 2518.574  2.859622e+02 
 2519.209  2.873532e+02 
 2519.844  2.866153e+02 
 2520.479  2.859626e+02 
 2521.114  2.832686e+02 
 2521.750  2.843251e+02 
 2522.386  2.869808e+02 
 2523.023  2.863947e+02 
 2523.659  2.870659e+02 
 2524.296  2.878002e+02 
 2524.934  2.866235e+02 
 2525.572  2.875193e+02 
 2526.209  2.874225e+02 
 2526.848  2.874630e+02 
 2527.487  2.875214e+02 
 2528.125  2.873223e+02 
 2528.765  2.867879e+02 
 2529.404  2.877900e+02 
 2530.044  2.878825e+02 
 2530.685  2.874314e+02 
 2531.325  2.880789e+02 
 2531.966  2.880234e+02 
 2532.607  2.879332e+02 
 2533.249  2.880941e+02 
 2533.891  2.872863e+02 
 2534.533  2.870298e+02 
 2535.176  2.879115e+02 
 2535.818  2.879744e+02 
 2536.462  2.881525e+02 
 2537.105  2.876941e+02 
 2537.749  2.875487e+02 
 2538.393  2.873803e+02 
 2539.038  2.878726e+02 
 2539.683  2.869516e+02 
 2540.328  2.864309e+02 
 2540.973  2.876144e+02 
 2541.619  2.879044e+02 
 2542.265  2.878936e+02 
 2542.912  2.881583e+02 
 2543.559  2.880055e+02 
 2544.206  2.881063e+02 
 2544.853  2.881333e+02 
 2545.501  2.879722e+02 
 2546.149  2.876582e+02 
 2546.797  2.877028e+02 
 2547.446  2.881154e+02 
 2548.095  2.881487e+02 
 2548.745  2.881232e+02 
 2549.395  2.877070e+02 
 2550.045  2.877675e+02 
 2550.695  2.881070e+02 
 2551.346  2.880635e+02 
 2551.997  2.879057e+02 
 2552.648  2.881483e+02 
 2553.300  2.881556e+02 
 2553.952  2.878021e+02 
 2554.605  2.876284e+02 
 2555.258  2.875699e+02 
 2555.911  2.874697e+02 
 2556.564  2.872863e+02 
 2557.218  2.875280e+02 
 2557.872  2.875334e+02 
 2558.526  2.876621e+02 
 2559.181  2.878521e+02 
 2559.836  2.881141e+02 
 2560.492  2.881687e+02 
 2561.147  2.881862e+02 
 2561.803  2.881616e+02 
 2562.460  2.881670e+02 
 2563.117  2.881757e+02 
 2563.774  2.881178e+02 
 2564.431  2.881888e+02 
 2565.089  2.881683e+02 
 2565.747  2.880708e+02 
 2566.406  2.879449e+02 
 2567.065  2.878999e+02 
 2567.724  2.880505e+02 
 2568.383  2.880927e+02 
 2569.043  2.881612e+02 
 2569.703  2.881921e+02 
 2570.364  2.881439e+02 
 2571.025  2.880410e+02 
 2571.686  2.879897e+02 
 2572.347  2.880594e+02 
 2573.009  2.881639e+02 
 2573.671  2.881895e+02 
 2574.334  2.881235e+02 
 2574.997  2.881559e+02 
 2575.660  2.880815e+02 
 2576.324  2.881483e+02 
 2576.988  2.881919e+02 
 2577.652  2.881446e+02 
 2578.316  2.880152e+02 
 2578.981  2.879997e+02 
 2579.647  2.880342e+02 
 2580.312  2.880859e+02 
 2580.978  2.881869e+02 
 2581.645  2.881638e+02 
 2582.311  2.880930e+02 
 2582.978  2.881613e+02 
 2583.646  2.881876e+02 
 2584.313  2.881940e+02 
 2584.981  2.881560e+02 
 2585.650  2.880922e+02 
 2586.318  2.881294e+02 
 2586.988  2.881851e+02 
 2587.657  2.881876e+02 
 2588.327  2.881601e+02 
 2588.997  2.881541e+02 
 2589.667  2.881767e+02 
 2590.338  2.880805e+02 
 2591.009  2.880786e+02 
 2591.681  2.880960e+02 
 2592.353  2.881715e+02 
 2593.025  2.881629e+02 
 2593.697  2.881754e+02 
 2594.370  2.881979e+02 
 2595.043  2.881947e+02 
 2595.717  2.881930e+02 
 2596.391  2.881866e+02 
 2597.065  2.881493e+02 
 2597.740  2.881703e+02 
 2598.415  2.880878e+02 
 2599.090  2.880334e+02 
 2599.766  2.880769e+02 
 2600.442  2.880730e+02 
 2601.118  2.881619e+02 
 2601.795  2.881850e+02 
 2602.472  2.881248e+02 
 2603.150  2.881697e+02 
 2603.828  2.881865e+02 
 2604.506  2.881811e+02 
 2605.184  2.881879e+02 
 2605.863  2.881941e+02 
 2606.542  2.881644e+02 
 2607.222  2.881790e+02 
 2607.902  2.881793e+02 
 2608.582  2.881277e+02 
 2609.263  2.881535e+02 
 2609.944  2.881888e+02 
 2610.625  2.881223e+02 
 2611.307  2.880725e+02 
 2611.989  2.881281e+02 
 2612.671  2.881570e+02 
 2613.354  2.881772e+02 
 2614.037  2.881418e+02 
 2614.721  2.881383e+02 
 2615.405  2.881505e+02 
 2616.089  2.881728e+02 
 2616.774  2.881953e+02 
 2617.458  2.881937e+02 
 2618.144  2.881678e+02 
 2618.829  2.881658e+02 
 2619.515  2.881568e+02 
 2620.202  2.881929e+02 
 2620.888  2.881880e+02 
 2621.576  2.881433e+02 
 2622.263  2.880926e+02 
 2622.951  2.880571e+02 
 2623.639  2.880304e+02 
 2624.328  2.880500e+02 
 2625.016  2.880767e+02 
 2625.706  2.881325e+02 
 2626.395  2.881874e+02 
 2627.085  2.881879e+02 
 2627.776  2.881403e+02 
 2628.466  2.881172e+02 
 2629.157  2.881615e+02 
 2629.849  2.881864e+02 
 2630.541  2.881975e+02 
 2631.233  2.881872e+02 
 2631.925  2.881582e+02 
 2632.618  2.881335e+02 
 2633.312  2.881681e+02 
 2634.005  2.881899e+02 
 2634.699  2.881316e+02 
 2635.393  2.880271e+02 
 2636.088  2.879896e+02 
 2636.783  2.879764e+02 
 2637.479  2.878941e+02 
 2638.174  2.878859e+02 
 2638.871  2.880400e+02 
 2639.567  2.878990e+02 
 2640.264  2.879800e+02 
 2640.961  2.880860e+02 
 2641.659  2.881358e+02 
 2642.357  2.881678e+02 
 2643.055  2.880146e+02 
 2643.754  2.880059e+02 
 2644.453  2.880606e+02 
 2645.153  2.881139e+02 
 2645.853  2.881909e+02 
 2646.553  2.881347e+02 
 2647.253  2.880703e+02 
 2647.955  2.879489e+02 
 2648.656  2.879029e+02 
 2649.358  2.879477e+02 
 2650.060  2.879629e+02 
 2650.762  2.880014e+02 
 2651.465  2.881297e+02 
 2652.168  2.881746e+02 
 2652.872  2.881840e+02 
 2653.576  2.881292e+02 
 2654.280  2.880824e+02 
 2654.985  2.881534e+02 
 2655.690  2.881815e+02 
 2656.395  2.881110e+02 
 2657.101  2.880912e+02 
 2657.807  2.881151e+02 
 2658.514  2.880780e+02 
 2659.221  2.881608e+02 
 2659.928  2.881915e+02 
 2660.636  2.881562e+02 
 2661.344  2.881401e+02 
 2662.052  2.881848e+02 
 2662.761  2.881461e+02 
 2663.470  2.881454e+02 
 2664.180  2.881808e+02 
 2664.890  2.881969e+02 
 2665.601  2.881917e+02 
 2666.311  2.881866e+02 
 2667.022  2.881987e+02 
 2667.734  2.881829e+02 
 2668.446  2.881787e+02 
 2669.158  2.881758e+02 
 2669.871  2.881875e+02 
 2670.583  2.881996e+02 
 2671.297  2.881889e+02 
 2672.011  2.881617e+02 
 2672.725  2.881800e+02 
 2673.439  2.881736e+02 
 2674.154  2.881425e+02 
 2674.870  2.881865e+02 
 2675.585  2.881744e+02 
 2676.302  2.881910e+02 
 2677.018  2.881952e+02 
 2677.735  2.881966e+02 
 2678.452  2.881716e+02 
 2679.169  2.881960e+02 
 2679.887  2.881880e+02 
 2680.606  2.881691e+02 
 2681.325  2.881523e+02 
 2682.044  2.881430e+02 
 2682.763  2.881710e+02 
 2683.483  2.881830e+02 
 2684.204  2.881633e+02 
 2684.924  2.881675e+02 
 2685.645  2.881424e+02 
 2686.367  2.881889e+02 
 2687.089  2.881491e+02 
 2687.811  2.881109e+02 
 2688.533  2.881584e+02 
 2689.256  2.881339e+02 
 2689.980  2.881039e+02 
 2690.704  2.881156e+02 
 2691.428  2.880919e+02 
 2692.152  2.881427e+02 
 2692.877  2.881510e+02 
 2693.603  2.881965e+02 
 2694.328  2.881877e+02 
 2695.055  2.881711e+02 
 2695.781  2.881927e+02 
 2696.508  2.881670e+02 
 2697.235  2.881054e+02 
 2697.963  2.881218e+02 
 2698.691  2.881454e+02 
 2699.420  2.880700e+02 
 2700.148  2.881181e+02 
 2700.878  2.881603e+02 
 2701.607  2.881819e+02 
 2702.338  2.881016e+02 
 2703.068  2.881101e+02 
 2703.799  2.880526e+02 
 2704.530  2.880633e+02 
 2705.262  2.881478e+02 
 2705.994  2.880689e+02 
 2706.726  2.881360e+02 
 2707.459  2.881374e+02 
 2708.192  2.881462e+02 
 2708.926  2.881900e+02 
 2709.660  2.881917e+02 
 2710.395  2.881790e+02 
 2711.129  2.881974e+02 
 2711.865  2.881791e+02 
 2712.600  2.881350e+02 
 2713.336  2.880837e+02 
 2714.073  2.881329e+02 
 2714.809  2.880336e+02 
 2715.547  2.880556e+02 
 2716.284  2.880566e+02 
 2717.022  2.881564e+02 
 2717.760  2.881830e+02 
 2718.500  2.881435e+02 
 2719.239  2.881732e+02 
 2719.978  2.881904e+02 
 2720.718  2.881967e+02 
 2721.459  2.881956e+02 
 2722.200  2.881541e+02 
 2722.941  2.881454e+02 
 2723.682  2.881801e+02 
 2724.425  2.881963e+02 
 2725.167  2.881825e+02 
 2725.910  2.881868e+02 
 2726.653  2.881132e+02 
 2727.397  2.880515e+02 
 2728.141  2.880401e+02 
 2728.885  2.879419e+02 
 2729.630  2.879495e+02 
 2730.375  2.879240e+02 
 2731.121  2.880068e+02 
 2731.867  2.880472e+02 
 2732.614  2.880727e+02 
 2733.361  2.880370e+02 
 2734.108  2.881232e+02 
 2734.856  2.881947e+02 
 2735.604  2.881651e+02 
 2736.353  2.880948e+02 
 2737.102  2.880905e+02 
 2737.851  2.881461e+02 
 2738.601  2.881896e+02 
 2739.351  2.881922e+02 
 2740.101  2.881952e+02 
 2740.853  2.881841e+02 
 2741.604  2.881954e+02 
 2742.356  2.881839e+02 
 2743.108  2.881569e+02 
 2743.861  2.880413e+02 
 2744.614  2.880844e+02 
 2745.367  2.881364e+02 
 2746.121  2.881109e+02 
 2746.875  2.879952e+02 
 2747.630  2.880283e+02 
 2748.385  2.881009e+02 
 2749.141  2.880977e+02 
 2749.897  2.880075e+02 
 2750.653  2.880676e+02 
 2751.410  2.881226e+02 
 2752.167  2.881832e+02 
 2752.925  2.881028e+02 
 2753.683  2.881318e+02 
 2754.442  2.881800e+02 
 2755.200  2.881981e+02 
 2755.960  2.881964e+02 
 2756.719  2.881703e+02 
 2757.480  2.881616e+02 
 2758.240  2.881391e+02 
 2759.001  2.880535e+02 
 2759.763  2.881436e+02 
 2760.525  2.881015e+02 
 2761.287  2.881289e+02 
 2762.050  2.881562e+02 
 2762.812  2.881918e+02 
 2763.576  2.881635e+02 
 2764.340  2.881805e+02 
 2765.104  2.881173e+02 
 2765.869  2.881494e+02 
 2766.635  2.881808e+02 
 2767.400  2.881501e+02 
 2768.166  2.881895e+02 
 2768.933  2.881266e+02 
 2769.699  2.881029e+02 
 2770.467  2.881941e+02 
 2771.235  2.881537e+02 
 2772.003  2.881645e+02 
 2772.771  2.881626e+02 
 2773.541  2.880528e+02 
 2774.310  2.880441e+02 
 2775.080  2.880350e+02 
 2775.850  2.881090e+02 
 2776.621  2.881225e+02 
 2777.392  2.881542e+02 
 2778.164  2.881445e+02 
 2778.936  2.881661e+02 
 2779.708  2.880736e+02 
 2780.481  2.881244e+02 
 2781.254  2.881769e+02 
 2782.028  2.881310e+02 
 2782.802  2.881584e+02 
 2783.577  2.880805e+02 
 2784.352  2.879587e+02 
 2785.127  2.881277e+02 
 2785.903  2.881139e+02 
 2786.680  2.881862e+02 
 2787.457  2.881793e+02 
 2788.234  2.881879e+02 
 2789.011  2.881278e+02 
 2789.789  2.879801e+02 
 2790.568  2.881494e+02 
 2791.347  2.880240e+02 
 2792.126  2.878622e+02 
 2792.906  2.879865e+02 
 2793.686  2.881076e+02 
 2794.467  2.877634e+02 
 2795.248  2.880112e+02 
 2796.030  2.879373e+02 
 2796.812  2.878824e+02 
 2797.594  2.881100e+02 
 2798.377  2.880265e+02 
 2799.160  2.877020e+02 
 2799.944  2.877287e+02 
 2800.728  2.880747e+02 
 2801.513  2.880045e+02 
 2802.298  2.881818e+02 
 2803.083  2.881626e+02 
 2803.869  2.881895e+02 
 2804.656  2.881547e+02 
 2805.443  2.880988e+02 
 2806.230  2.881456e+02 
 2807.018  2.880840e+02 
 2807.806  2.880048e+02 
 2808.594  2.880502e+02 
 2809.383  2.878943e+02 
 2810.173  2.875465e+02 
 2810.963  2.879320e+02 
 2811.753  2.877055e+02 
 2812.544  2.872865e+02 
 2813.335  2.877998e+02 
 2814.127  2.880558e+02 
 2814.919  2.881208e+02 
 2815.712  2.880262e+02 
 2816.505  2.879232e+02 
 2817.298  2.875489e+02 
 2818.092  2.880468e+02 
 2818.886  2.880679e+02 
 2819.681  2.880385e+02 
 2820.477  2.881184e+02 
 2821.272  2.881031e+02 
 2822.069  2.880961e+02 
 2822.865  2.878151e+02 
 2823.662  2.869052e+02 
 2824.460  2.874308e+02 
 2825.258  2.872990e+02 
 2826.056  2.871074e+02 
 2826.855  2.873444e+02 
 2827.655  2.880940e+02 
 2828.454  2.873923e+02 
 2829.255  2.867884e+02 
 2830.055  2.860398e+02 
 2830.856  2.863447e+02 
 2831.658  2.878275e+02 
 2832.460  2.879747e+02 
 2833.262  2.879849e+02 
 2834.065  2.880979e+02 
 2834.869  2.881340e+02 
 2835.673  2.879879e+02 
 2836.477  2.879531e+02 
 2837.282  2.880197e+02 
 2838.087  2.880840e+02 
 2838.893  2.881211e+02 
 2839.699  2.877012e+02 
 2840.506  2.870973e+02 
 2841.313  2.878439e+02 
 2842.120  2.875463e+02 
 2842.928  2.872070e+02 
 2843.737  2.853538e+02 
 2844.546  2.845136e+02 
 2845.355  2.866216e+02 
 2846.165  2.875397e+02 
 2846.975  2.875533e+02 
 2847.786  2.879052e+02 
 2848.597  2.878530e+02 
 2849.409  2.881142e+02 
 2850.221  2.876902e+02 
 2851.033  2.865268e+02 
 2851.847  2.874519e+02 
 2852.660  2.878196e+02 
 2853.474  2.881045e+02 
 2854.289  2.880935e+02 
 2855.104  2.880659e+02 
 2855.919  2.880497e+02 
 2856.735  2.871317e+02 
 2857.551  2.872449e+02 
 2858.368  2.863463e+02 
 2859.185  2.871558e+02 
 2860.003  2.879719e+02 
 2860.821  2.877289e+02 
 2861.640  2.867681e+02 
 2862.459  2.859640e+02 
 2863.279  2.836621e+02 
 2864.099  2.865263e+02 
 2864.919  2.859481e+02 
 2865.740  2.851293e+02 
 2866.562  2.877131e+02 
 2867.384  2.872563e+02 
 2868.206  2.872919e+02 
 2869.029  2.874963e+02 
 2869.852  2.871117e+02 
 2870.676  2.869321e+02 
 2871.500  2.880104e+02 
 2872.325  2.877886e+02 
 2873.150  2.879479e+02 
 2873.976  2.867668e+02 
 2874.802  2.828144e+02 
 2875.629  2.832085e+02 
 2876.456  2.844291e+02 
 2877.284  2.871347e+02 
 2878.112  2.872684e+02 
 2878.941  2.868787e+02 
 2879.770  2.832447e+02 
 2880.599  2.847508e+02 
 2881.429  2.867711e+02 
 2882.260  2.834256e+02 
 2883.091  2.855033e+02 
 2883.922  2.868871e+02 
 2884.754  2.875015e+02 
 2885.587  2.835476e+02 
 2886.419  2.856104e+02 
 2887.253  2.860562e+02 
 2888.087  2.878856e+02 
 2888.921  2.878035e+02 
 2889.756  2.871126e+02 
 2890.591  2.825901e+02 
 2891.427  2.861346e+02 
 2892.263  2.852297e+02 
 2893.100  2.861356e+02 
 2893.937  2.853516e+02 
 2894.775  2.789702e+02 
 2895.613  2.804133e+02 
 2896.452  2.779983e+02 
 2897.291  2.794931e+02 
 2898.131  2.822158e+02 
 2898.971  2.845820e+02 
 2899.812  2.876067e+02 
 2900.653  2.880202e+02 
 2901.494  2.878339e+02 
 2902.336  2.873074e+02 
 2903.179  2.858027e+02 
 2904.022  2.866827e+02 
 2904.866  2.880262e+02 
 2905.710  2.864193e+02 
 2906.554  2.867162e+02 
 2907.399  2.850678e+02 
 2908.245  2.862534e+02 
 2909.091  2.846581e+02 
 2909.938  2.836013e+02 
 2910.784  2.799478e+02 
 2911.632  2.771419e+02 
 2912.480  2.833864e+02 
 2913.329  2.860858e+02 
 2914.177  2.864599e+02 
 2915.027  2.859283e+02 
 2915.877  2.799358e+02 
 2916.728  2.839443e+02 
 2917.578  2.857499e+02 
 2918.430  2.814485e+02 
 2919.282  2.765611e+02 
 2920.134  2.818795e+02 
 2920.987  2.856632e+02 
 2921.841  2.873850e+02 
 2922.695  2.877979e+02 
 2923.549  2.880228e+02 
 2924.404  2.875536e+02 
 2925.260  2.867109e+02 
 2926.116  2.820319e+02 
 2926.972  2.774673e+02 
 2927.829  2.795338e+02 
 2928.687  2.744082e+02 
 2929.544  2.848594e+02 
 2930.403  2.827260e+02 
 2931.262  2.744170e+02 
 2932.121  2.716630e+02 
 2932.981  2.792793e+02 
 2933.842  2.826227e+02 
 2934.703  2.730171e+02 
 2935.564  2.810778e+02 
 2936.427  2.727948e+02 
 2937.289  2.816170e+02 
 2938.152  2.870436e+02 
 2939.015  2.850916e+02 
 2939.880  2.859536e+02 
 2940.744  2.819729e+02 
 2941.609  2.807455e+02 
 2942.475  2.849669e+02 
 2943.341  2.874885e+02 
 2944.207  2.868625e+02 
 2945.074  2.811062e+02 
 2945.942  2.811591e+02 
 2946.810  2.863650e+02 
 2947.679  2.879051e+02 
 2948.548  2.853665e+02 
 2949.417  2.773144e+02 
 2950.288  2.772029e+02 
 2951.158  2.729211e+02 
 2952.030  2.793307e+02 
 2952.901  2.835709e+02 
 2953.773  2.874349e+02 
 2954.646  2.874170e+02 
 2955.520  2.861750e+02 
 2956.393  2.816113e+02 
 2957.268  2.736491e+02 
 2958.142  2.837375e+02 
 2959.018  2.815067e+02 
 2959.894  2.823085e+02 
 2960.770  2.805540e+02 
 2961.647  2.772925e+02 
 2962.524  2.801886e+02 
 2963.402  2.838440e+02 
 2964.281  2.716852e+02 
 2965.159  2.676389e+02 
 2966.039  2.778224e+02 
 2966.919  2.796640e+02 
 2967.800  2.853449e+02 
 2968.680  2.862078e+02 
 2969.562  2.872302e+02 
 2970.444  2.868355e+02 
 2971.327  2.876302e+02 
 2972.210  2.877091e+02 
 2973.094  2.850671e+02 
 2973.978  2.870746e+02 
 2974.863  2.871220e+02 
 2975.748  2.856020e+02 
 2976.634  2.864966e+02 
 2977.520  2.790664e+02 
 2978.407  2.845191e+02 
 2979.294  2.864852e+02 
 2980.182  2.872414e+02 
 2981.070  2.840929e+02 
 2981.959  2.860519e+02 
 2982.849  2.734190e+02 
 2983.739  2.814136e+02 
 2984.629  2.753324e+02 
 2985.520  2.756664e+02 
 2986.412  2.803228e+02 
 2987.304  2.722179e+02 
 2988.197  2.750045e+02 
 2989.090  2.727036e+02 
 2989.984  2.621703e+02 
 2990.878  2.700433e+02 
 2991.773  2.830356e+02 
 2992.668  2.808712e+02 
 2993.564  2.810256e+02 
 2994.460  2.790868e+02 
 2995.357  2.774955e+02 
 2996.255  2.833466e+02 
 2997.153  2.869125e+02 
 2998.051  2.824190e+02 
 2998.950  2.866152e+02 
 2999.850  2.758548e+02 
 3000.750  2.728799e+02 
 3001.651  2.665659e+02 
 3002.552  2.715067e+02 
 3003.454  2.832766e+02 
 3004.356  2.776965e+02 
 3005.259  2.864799e+02 
 3006.163  2.872787e+02 
 3007.067  2.816327e+02 
 3007.971  2.862855e+02 
 3008.876  2.843495e+02 
 3009.782  2.810998e+02 
 3010.688  2.690127e+02 
 3011.595  2.734870e+02 
 3012.502  2.675480e+02 
 3013.410  2.828065e+02 
 3014.318  2.840110e+02 
 3015.227  2.728330e+02 
 3016.136  2.742456e+02 
 3017.046  2.806732e+02 
 3017.957  2.872171e+02 
 3018.868  2.864792e+02 
 3019.780  2.836330e+02 
 3020.692  2.859788e+02 
 3021.604  2.855385e+02 
 3022.518  2.879138e+02 
 3023.432  2.833813e+02 
 3024.346  2.733134e+02 
 3025.261  2.690576e+02 
 3026.177  2.709355e+02 
 3027.093  2.832953e+02 
 3028.009  2.765621e+02 
 3028.926  2.681766e+02 
 3029.844  2.825030e+02 
 3030.762  2.765566e+02 
 3031.681  2.823172e+02 
 3032.601  2.873101e+02 
 3033.521  2.840558e+02 
 3034.441  2.756304e+02 
 3035.362  2.837826e+02 
 3036.284  2.854617e+02 
 3037.206  2.875303e+02 
 3038.129  2.872712e+02 
 3039.052  2.832466e+02 
 3039.976  2.827214e+02 
 3040.900  2.873450e+02 
 3041.825  2.781722e+02 
 3042.751  2.774834e+02 
 3043.677  2.765773e+02 
 3044.604  2.832105e+02 
 3045.531  2.862387e+02 
 3046.458  2.826197e+02 
 3047.387  2.762516e+02 
 3048.316  2.860146e+02 
 3049.245  2.861721e+02 
 3050.176  2.840124e+02 
 3051.106  2.838786e+02 
 3052.037  2.878523e+02 
 3052.969  2.864297e+02 
 3053.901  2.864051e+02 
 3054.834  2.878344e+02 
 3055.768  2.855066e+02 
 3056.702  2.856118e+02 
 3057.636  2.853191e+02 
 3058.572  2.745987e+02 
 3059.508  2.694178e+02 
 3060.444  2.739373e+02 
 3061.381  2.834390e+02 
 3062.318  2.849984e+02 
 3063.256  2.839962e+02 
 3064.195  2.842974e+02 
 3065.134  2.800381e+02 
 3066.074  2.782506e+02 
 3067.014  2.868410e+02 
 3067.955  2.802653e+02 
 3068.897  2.809705e+02 
 3069.839  2.867658e+02 
 3070.781  2.853004e+02 
 3071.725  2.825723e+02 
 3072.669  2.871805e+02 
 3073.613  2.856825e+02 
 3074.558  2.774830e+02 
 3075.504  2.774845e+02 
 3076.450  2.704190e+02 
 3077.396  2.770535e+02 
 3078.344  2.723787e+02 
 3079.292  2.812524e+02 
 3080.240  2.829104e+02 
 3081.189  2.874413e+02 
 3082.139  2.874207e+02 
 3083.089  2.840359e+02 
 3084.040  2.819666e+02 
 3084.992  2.840061e+02 
 3085.944  2.851110e+02 
 3086.896  2.828980e+02 
 3087.849  2.780146e+02 
 3088.803  2.839824e+02 
 3089.758  2.871910e+02 
 3090.712  2.798145e+02 
 3091.668  2.802764e+02 
 3092.624  2.852202e+02 
 3093.581  2.870080e+02 
 3094.538  2.826626e+02 
 3095.496  2.862563e+02 
 3096.455  2.866982e+02 
 3097.414  2.826898e+02 
 3098.374  2.872359e+02 
 3099.334  2.833875e+02 
 3100.295  2.809668e+02 
 3101.256  2.726130e+02 
 3102.218  2.772638e+02 
 3103.181  2.841488e+02 
 3104.144  2.849681e+02 
 3105.108  2.870440e+02 
 3106.073  2.877614e+02 
 3107.038  2.847167e+02 
 3108.003  2.810919e+02 
 3108.969  2.863995e+02 
 3109.936  2.839480e+02 
 3110.904  2.874396e+02 
 3111.872  2.864903e+02 
 3112.841  2.810511e+02 
 3113.810  2.809325e+02 
 3114.780  2.859623e+02 
 3115.750  2.874893e+02 
 3116.721  2.820663e+02 
 3117.693  2.783433e+02 
 3118.665  2.707905e+02 
 3119.638  2.699793e+02 
 3120.612  2.671940e+02 
 3121.586  2.751823e+02 
 3122.561  2.720272e+02 
 3123.536  2.735954e+02 
 3124.512  2.834084e+02 
 3125.489  2.859988e+02 
 3126.466  2.862412e+02 
 3127.443  2.873239e+02 
 3128.422  2.869557e+02 
 3129.401  2.836946e+02 
 3130.380  2.735271e+02 
 3131.361  2.697247e+02 
 3132.342  2.740516e+02 
 3133.323  2.720157e+02 
 3134.305  2.693166e+02 
 3135.288  2.663678e+02 
 3136.271  2.671427e+02 
 3137.255  2.706791e+02 
 3138.240  2.778951e+02 
 3139.225  2.869030e+02 
 3140.210  2.861299e+02 
 3141.197  2.773887e+02 
 3142.184  2.819717e+02 
 3143.172  2.744088e+02 
 3144.160  2.755572e+02 
 3145.149  2.842594e+02 
 3146.138  2.874333e+02 
 3147.128  2.866220e+02 
 3148.119  2.798392e+02 
 3149.110  2.784986e+02 
 3150.103  2.773954e+02 
 3151.095  2.745329e+02 
 3152.088  2.684854e+02 
 3153.082  2.674197e+02 
 3154.077  2.763956e+02 
 3155.072  2.849945e+02 
 3156.068  2.777492e+02 
 3157.064  2.825785e+02 
 3158.061  2.768654e+02 
 3159.059  2.708626e+02 
 3160.057  2.748899e+02 
 3161.056  2.740489e+02 
 3162.055  2.633758e+02 
 3163.056  2.574207e+02 
 3164.056  2.557888e+02 
 3165.058  2.562208e+02 
 3166.060  2.634364e+02 
 3167.063  2.690069e+02 
 3168.066  2.580549e+02 
 3169.070  2.664033e+02 
 3170.074  2.587550e+02 
 3171.080  2.649443e+02 
 3172.086  2.778475e+02 
 3173.092  2.814192e+02 
 3174.099  2.665998e+02 
 3175.107  2.692418e+02 
 3176.116  2.715828e+02 
 3177.125  2.632244e+02 
 3178.135  2.623646e+02 
 3179.145  2.623498e+02 
 3180.156  2.634912e+02 
 3181.167  2.758792e+02 
 3182.180  2.835959e+02 
 3183.193  2.681129e+02 
 3184.206  2.786463e+02 
 3185.221  2.732581e+02 
 3186.236  2.646803e+02 
 3187.251  2.663560e+02 
 3188.267  2.728143e+02 
 3189.284  2.745764e+02 
 3190.302  2.824205e+02 
 3191.320  2.872148e+02 
 3192.338  2.867172e+02 
 3193.358  2.842780e+02 
 3194.378  2.767657e+02 
 3195.399  2.742046e+02 
 3196.420  2.820196e+02 
 3197.442  2.851872e+02 
 3198.465  2.876802e+02 
 3199.488  2.868396e+02 
 3200.512  2.830927e+02 
 3201.537  2.856924e+02 
 3202.562  2.879509e+02 
 3203.588  2.858319e+02 
 3204.615  2.827010e+02 
 3205.642  2.866035e+02 
 3206.670  2.877125e+02 
 3207.698  2.855147e+02 
 3208.728  2.870663e+02 
 3209.758  2.874296e+02 
 3210.788  2.871504e+02 
 3211.820  2.861931e+02 
 3212.852  2.865502e+02 
 3213.884  2.830680e+02 
 3214.917  2.859606e+02 
 3215.951  2.860898e+02 
 3216.986  2.837742e+02 
 3218.021  2.865974e+02 
 3219.057  2.816614e+02 
 3220.094  2.796233e+02 
 3221.131  2.851831e+02 
 3222.169  2.859189e+02 
 3223.207  2.872838e+02 
 3224.246  2.875756e+02 
 3225.286  2.869978e+02 
 3226.327  2.873622e+02 
 3227.368  2.825101e+02 
 3228.410  2.835040e+02 
 3229.453  2.874523e+02 
 3230.496  2.876996e+02 
 3231.540  2.862810e+02 
 3232.584  2.854677e+02 
 3233.630  2.754854e+02 
 3234.676  2.706904e+02 
 3235.722  2.679515e+02 
 3236.770  2.696457e+02 
 3237.818  2.734380e+02 
 3238.866  2.831214e+02 
 3239.916  2.832580e+02 
 3240.966  2.818130e+02 
 3242.017  2.731511e+02 
 3243.068  2.805477e+02 
 3244.120  2.868898e+02 
 3245.173  2.870329e+02 
 3246.226  2.857335e+02 
 3247.281  2.875802e+02 
 3248.335  2.859381e+02 
 3249.391  2.861187e+02 
 3250.447  2.839247e+02 
 3251.504  2.717394e+02 
 3252.562  2.671502e+02 
 3253.620  2.672322e+02 
 3254.679  2.657159e+02 
 3255.738  2.665378e+02 
 3256.799  2.688373e+02 
 3257.860  2.732659e+02 
 3258.921  2.795065e+02 
 3259.984  2.866720e+02 
 3261.047  2.874698e+02 
 3262.111  2.860325e+02 
 3263.175  2.877415e+02 
 3264.240  2.844337e+02 
 3265.306  2.776707e+02 
 3266.373  2.785962e+02 
 3267.440  2.828675e+02 
 3268.508  2.843519e+02 
 3269.577  2.789990e+02 
 3270.646  2.865609e+02 
 3271.716  2.876113e+02 
 3272.787  2.856769e+02 
 3273.858  2.752646e+02 
 3274.930  2.696769e+02 
 3276.003  2.715784e+02 
 3277.077  2.708596e+02 
 3278.151  2.781266e+02 
 3279.226  2.849267e+02 
 3280.302  2.874581e+02 
 3281.378  2.776187e+02 
 3282.455  2.676841e+02 
 3283.533  2.630188e+02 
 3284.612  2.631161e+02 
 3285.691  2.642202e+02 
 3286.771  2.639327e+02 
 3287.852  2.594965e+02 
 3288.933  2.598652e+02 
 3290.015  2.624476e+02 
 3291.098  2.762062e+02 
 3292.181  2.723207e+02 
 3293.265  2.793880e+02 
 3294.350  2.858796e+02 
 3295.436  2.870884e+02 
 3296.522  2.845378e+02 
 3297.609  2.858621e+02 
 3298.697  2.876995e+02 
 3299.786  2.873003e+02 
 3300.875  2.816926e+02 
 3301.965  2.792191e+02 
 3303.055  2.730999e+02 
 3304.147  2.816323e+02 
 3305.239  2.862167e+02 
 3306.332  2.760635e+02 
 3307.425  2.739916e+02 
 3308.520  2.852480e+02 
 3309.615  2.767266e+02 
 3310.710  2.710009e+02 
 3311.807  2.745637e+02 
 3312.904  2.862991e+02 
 3314.002  2.869684e+02 
 3315.100  2.863332e+02 
 3316.200  2.873130e+02 
 3317.300  2.854627e+02 
 3318.401  2.866867e+02 
 3319.502  2.875942e+02 
 3320.604  2.854288e+02 
 3321.708  2.869091e+02 
 3322.811  2.842015e+02 
 3323.916  2.761801e+02 
 3325.021  2.724942e+02 
 3326.127  2.709717e+02 
 3327.233  2.822604e+02 
 3328.341  2.861625e+02 
 3329.449  2.853892e+02 
 3330.558  2.676133e+02 
 3331.667  2.637236e+02 
 3332.778  2.558444e+02 
 3333.889  2.694292e+02 
 3335.001  2.677644e+02 
 3336.114  2.576193e+02 
 3337.227  2.612543e+02 
 3338.341  2.807524e+02 
 3339.456  2.848358e+02 
 3340.571  2.818618e+02 
 3341.688  2.832344e+02 
 3342.805  2.779274e+02 
 3343.923  2.624469e+02 
 3345.041  2.786952e+02 
 3346.160  2.854889e+02 
 3347.281  2.853983e+02 
 3348.401  2.687707e+02 
 3349.523  2.599659e+02 
 3350.645  2.788500e+02 
 3351.768  2.693637e+02 
 3352.892  2.713556e+02 
 3354.017  2.751198e+02 
 3355.142  2.830971e+02 
 3356.268  2.766627e+02 
 3357.395  2.849367e+02 
 3358.522  2.797912e+02 
 3359.651  2.633308e+02 
 3360.780  2.771134e+02 
 3361.910  2.808177e+02 
 3363.040  2.841613e+02 
 3364.172  2.748332e+02 
 3365.304  2.612210e+02 
 3366.437  2.595575e+02 
 3367.570  2.740504e+02 
 3368.705  2.843732e+02 
 3369.840  2.727719e+02 
 3370.976  2.791058e+02 
 3372.113  2.754573e+02 
 3373.250  2.621419e+02 
 3374.388  2.520824e+02 
 3375.528  2.594039e+02 
 3376.667  2.826378e+02 
 3377.808  2.589282e+02 
 3378.949  2.581529e+02 
 3380.091  2.842990e+02 
 3381.234  2.746976e+02 
 3382.378  2.762944e+02 
 3383.522  2.774258e+02 
 3384.667  2.770389e+02 
 3385.813  2.707652e+02 
 3386.960  2.439694e+02 
 3388.108  2.400941e+02 
 3389.256  2.441932e+02 
 3390.405  2.541096e+02 
 3391.555  2.789243e+02 
 3392.706  2.762251e+02 
 3393.857  2.667800e+02 
 3395.010  2.622833e+02 
 3396.162  2.522408e+02 
 3397.316  2.519008e+02 
 3398.471  2.398598e+02 
 3399.626  2.449807e+02 
 3400.782  2.529454e+02 
 3401.939  2.493556e+02 
 3403.097  2.731007e+02 
 3404.255  2.825710e+02 
 3405.415  2.727879e+02 
 3406.575  2.789895e+02 
 3407.736  2.708501e+02 
 3408.897  2.836464e+02 
 3410.060  2.644229e+02 
 3411.223  2.523893e+02 
 3412.387  2.740841e+02 
 3413.552  2.562584e+02 
 3414.718  2.574534e+02 
 3415.884  2.783112e+02 
 3417.051  2.732075e+02 
 3418.219  2.445862e+02 
 3419.388  2.416738e+02 
 3420.558  2.346228e+02 
 3421.728  2.456065e+02 
 3422.899  2.445950e+02 
 3424.071  2.426725e+02 
 3425.244  2.543445e+02 
 3426.418  2.565569e+02 
 3427.592  2.726804e+02 
 3428.768  2.773201e+02 
 3429.944  2.448510e+02 
 3431.120  2.352142e+02 
 3432.298  2.402540e+02 
 3433.477  2.547034e+02 
 3434.656  2.611402e+02 
 3435.836  2.449233e+02 
 3437.017  2.509824e+02 
 3438.198  2.451114e+02 
 3439.381  2.603737e+02 
 3440.564  2.727268e+02 
 3441.749  2.633506e+02 
 3442.934  2.583095e+02 
 3444.119  2.390027e+02 
 3445.306  2.484944e+02 
 3446.493  2.609995e+02 
 3447.682  2.465311e+02 
 3448.871  2.458203e+02 
 3450.061  2.344479e+02 
 3451.251  2.512640e+02 
 3452.443  2.624162e+02 
 3453.635  2.669386e+02 
 3454.828  2.609784e+02 
 3456.022  2.730755e+02 
 3457.217  2.430795e+02 
 3458.413  2.390761e+02 
 3459.609  2.508674e+02 
 3460.806  2.443956e+02 
 3462.005  2.404719e+02 
 3463.204  2.375758e+02 
 3464.403  2.518536e+02 
 3465.604  2.639576e+02 
 3466.805  2.578873e+02 
 3468.008  2.451621e+02 
 3469.211  2.309792e+02 
 3470.415  2.370607e+02 
 3471.620  2.375765e+02 
 3472.825  2.644036e+02 
 3474.032  2.497843e+02 
 3475.239  2.457794e+02 
 3476.447  2.500754e+02 
 3477.656  2.516363e+02 
 3478.866  2.530008e+02 
 3480.077  2.497470e+02 
 3481.288  2.382919e+02 
 3482.500  2.523634e+02 
 3483.714  2.422539e+02 
 3484.928  2.259642e+02 
 3486.143  2.478750e+02 
 3487.358  2.491767e+02 
 3488.575  2.502289e+02 
 3489.792  2.528504e+02 
 3491.011  2.585946e+02 
 3492.230  2.486816e+02 
 3493.450  2.462922e+02 
 3494.671  2.401106e+02 
 3495.892  2.310977e+02 
 3497.115  2.321532e+02 
 3498.338  2.487607e+02 
 3499.563  2.409460e+02 
 3500.788  2.377099e+02 
 3502.014  2.521335e+02 
 3503.241  2.529026e+02 
 3504.468  2.437016e+02 
 3505.697  2.312582e+02 
 3506.926  2.380579e+02 
 3508.156  2.480976e+02 
 3509.388  2.353083e+02 
 3510.620  2.476555e+02 
 3511.853  2.427897e+02 
 3513.086  2.362870e+02 
 3514.321  2.591806e+02 
 3515.556  2.461199e+02 
 3516.793  2.467388e+02 
 3518.030  2.433635e+02 
 3519.268  2.506608e+02 
 3520.507  2.403365e+02 
 3521.747  2.345206e+02 
 3522.988  2.554733e+02 
 3524.229  2.435629e+02 
 3525.472  2.333458e+02 
 3526.715  2.479804e+02 
 3527.959  2.539316e+02 
 3529.204  2.489085e+02 
 3530.450  2.397351e+02 
 3531.697  2.521254e+02 
 3532.945  2.517741e+02 
 3534.193  2.489993e+02 
 3535.443  2.578553e+02 
 3536.693  2.621178e+02 
 3537.945  2.333767e+02 
 3539.197  2.538833e+02 
 3540.450  2.650669e+02 
 3541.704  2.553732e+02 
 3542.958  2.555982e+02 
 3544.214  2.578586e+02 
 3545.471  2.490998e+02 
 3546.728  2.590711e+02 
 3547.987  2.467967e+02 
 3549.246  2.463778e+02 
 3550.506  2.527341e+02 
 3551.767  2.514426e+02 
 3553.029  2.561896e+02 
 3554.292  2.621653e+02 
 3555.556  2.620485e+02 
 3556.820  2.519598e+02 
 3558.086  2.503178e+02 
 3559.352  2.571093e+02 
 3560.620  2.436104e+02 
 3561.888  2.343201e+02 
 3563.157  2.231670e+02 
 3564.427  2.430595e+02 
 3565.698  2.396619e+02 
 3566.970  2.560635e+02 
 3568.243  2.583993e+02 
 3569.516  2.708896e+02 
 3570.791  2.445682e+02 
 3572.067  2.505041e+02 
 3573.343  2.517330e+02 
 3574.620  2.616226e+02 
 3575.898  2.631678e+02 
 3577.178  2.425496e+02 
 3578.458  2.350080e+02 
 3579.739  2.375421e+02 
 3581.021  2.480437e+02 
 3582.303  2.623394e+02 
 3583.587  2.416778e+02 
 3584.872  2.633762e+02 
 3586.157  2.527514e+02 
 3587.444  2.633733e+02 
 3588.731  2.436420e+02 
 3590.020  2.591771e+02 
 3591.309  2.413557e+02 
 3592.599  2.608808e+02 
 3593.890  2.582830e+02 
 3595.183  2.348130e+02 
 3596.476  2.519995e+02 
 3597.770  2.566066e+02 
 3599.064  2.373738e+02 
 3600.360  2.623888e+02 
 3601.657  2.378428e+02 
 3602.955  2.237456e+02 
 3604.253  2.279404e+02 
 3605.553  2.401003e+02 
 3606.853  2.632245e+02 
 3608.155  2.494594e+02 
 3609.457  2.424991e+02 
 3610.760  2.529251e+02 
 3612.064  2.568002e+02 
 3613.370  2.630796e+02 
 3614.676  2.428971e+02 
 3615.983  2.363418e+02 
 3617.291  2.616996e+02 
 3618.600  2.285860e+02 
 3619.910  2.346255e+02 
 3621.220  2.271264e+02 
 3622.532  2.181259e+02 
 3623.845  2.307682e+02 
 3625.159  2.443961e+02 
 3626.473  2.436899e+02 
 3627.789  2.619334e+02 
 3629.105  2.290749e+02 
 3630.423  2.293444e+02 
 3631.741  2.628483e+02 
 3633.061  2.416135e+02 
 3634.381  2.592029e+02 
 3635.703  2.378730e+02 
 3637.025  2.322145e+02 
 3638.348  2.217059e+02 
 3639.673  2.407989e+02 
 3640.998  2.223307e+02 
 3642.324  2.263747e+02 
 3643.651  2.326862e+02 
 3644.979  2.340754e+02 
 3646.308  2.446850e+02 
 3647.638  2.483623e+02 
 3648.969  2.230863e+02 
 3650.301  2.434738e+02 
 3651.634  2.570291e+02 
 3652.968  2.451963e+02 
 3654.303  2.407437e+02 
 3655.639  2.329343e+02 
 3656.976  2.167060e+02 
 3658.314  2.199659e+02 
 3659.652  2.364992e+02 
 3660.992  2.361631e+02 
 3662.333  2.480150e+02 
 3663.675  2.466961e+02 
 3665.018  2.290958e+02 
 3666.361  2.339520e+02 
 3667.706  2.631745e+02 
 3669.052  2.530351e+02 
 3670.398  2.449687e+02 
 3671.746  2.707042e+02 
 3673.095  2.686319e+02 
 3674.444  2.681729e+02 
 3675.795  2.776965e+02 
 3677.147  2.565508e+02 
 3678.499  2.612985e+02 
 3679.853  2.561141e+02 
 3681.208  2.597325e+02 
 3682.563  2.572314e+02 
 3683.920  2.536502e+02 
 3685.277  2.408942e+02 
 3686.636  2.434613e+02 
 3687.996  2.510116e+02 
 3689.356  2.446345e+02 
 3690.718  2.433587e+02 
 3692.081  2.533721e+02 
 3693.444  2.439021e+02 
 3694.809  2.456608e+02 
 3696.175  2.252843e+02 
 3697.541  2.310080e+02 
 3698.909  2.239133e+02 
 3700.278  2.343021e+02 
 3701.647  2.189819e+02 
 3703.018  2.116326e+02 
 3704.390  2.321852e+02 
 3705.763  2.334832e+02 
 3707.136  2.349871e+02 
 3708.511  2.340210e+02 
 3709.887  2.583934e+02 
 3711.264  2.435517e+02 
 3712.642  2.435047e+02 
 3714.021  2.597663e+02 
 3715.400  2.309387e+02 
 3716.781  2.316908e+02 
 3718.163  2.554418e+02 
 3719.546  2.287034e+02 
 3720.930  2.254306e+02 
 3722.315  2.299324e+02 
 3723.701  2.254305e+02 
 3725.089  2.242740e+02 
 3726.477  2.286067e+02 
 3727.866  2.309607e+02 
 3729.256  2.380061e+02 
 3730.647  2.613014e+02 
 3732.040  2.262958e+02 
 3733.433  2.407865e+02 
 3734.827  2.621155e+02 
 3736.223  2.553305e+02 
 3737.619  2.532141e+02 
 3739.017  2.345560e+02 
 3740.415  2.320318e+02 
 3741.815  2.607168e+02 
 3743.216  2.301914e+02 
 3744.617  2.229057e+02 
 3746.020  2.245901e+02 
 3747.424  2.215369e+02 
 3748.829  2.269077e+02 
 3750.235  2.609843e+02 
 3751.641  2.356561e+02 
 3753.050  2.350860e+02 
 3754.458  2.616786e+02 
 3755.869  2.356075e+02 
 3757.280  2.269807e+02 
 3758.692  2.576689e+02 
 3760.105  2.556306e+02 
 3761.520  2.320992e+02 
 3762.935  2.566772e+02 
 3764.352  2.363392e+02 
 3765.769  2.609605e+02 
 3767.188  2.322854e+02 
 3768.608  2.226780e+02 
 3770.028  2.409211e+02 
 3771.450  2.589952e+02 
 3772.873  2.277616e+02 
 3774.297  2.612726e+02 
 3775.722  2.338373e+02 
 3777.148  2.270172e+02 
 3778.576  2.234722e+02 
 3780.004  2.281205e+02 
 3781.433  2.557263e+02 
 3782.864  2.305580e+02 
 3784.295  2.584577e+02 
 3785.728  2.437312e+02 
 3787.162  2.257312e+02 
 3788.596  2.376228e+02 
 3790.032  2.660793e+02 
 3791.469  2.599400e+02 
 3792.907  2.343129e+02 
 3794.347  2.590106e+02 
 3795.787  2.255050e+02 
 3797.228  2.262991e+02 
 3798.671  2.271513e+02 
 3800.114  2.220325e+02 
 3801.559  2.222529e+02 
 3803.004  2.283879e+02 
 3804.451  2.537505e+02 
 3805.899  2.239750e+02 
 3807.348  2.227607e+02 
 3808.799  2.518423e+02 
 3810.250  2.507592e+02 
 3811.702  2.471950e+02 
 3813.156  2.644356e+02 
 3814.610  2.570874e+02 
 3816.066  2.315106e+02 
 3817.522  2.518582e+02 
 3818.980  2.285863e+02 
 3820.439  2.197756e+02 
 3821.900  2.143731e+02 
 3823.361  2.146617e+02 
 3824.823  2.218269e+02 
 3826.287  2.215696e+02 
 3827.751  2.495645e+02 
 3829.217  2.224454e+02 
 3830.684  2.225813e+02 
 3832.152  2.268778e+02 
 3833.621  2.555510e+02 
 3835.091  2.597810e+02 
 3836.562  2.525696e+02 
 3838.035  2.444432e+02 
 3839.509  2.298871e+02 
 3840.983  2.263685e+02 
 3842.459  2.251951e+02 
 3843.936  2.344453e+02 
 3845.415  2.483882e+02 
 3846.894  2.343057e+02 
 3848.374  2.323431e+02 
 3849.856  2.311372e+02 
 3851.338  2.461786e+02 
 3852.822  2.297734e+02 
 3854.307  2.318277e+02 
 3855.793  2.554733e+02 
 3857.281  2.352023e+02 
 3858.769  2.499250e+02 
 3860.259  2.462296e+02 
 3861.750  2.471839e+02 
 3863.241  2.443851e+02 
 3864.734  2.407498e+02 
 3866.229  2.391648e+02 
 3867.724  2.497210e+02 
 3869.220  2.451080e+02 
 3870.718  2.436867e+02 
 3872.217  2.540900e+02 
 3873.717  2.497219e+02 
 3875.218  2.499963e+02 
 3876.720  2.469130e+02 
 3878.224  2.552363e+02 
 3879.729  2.502376e+02 
 3881.234  2.513853e+02 
 3882.741  2.507898e+02 
 3884.250  2.462967e+02 
 3885.759  2.490660e+02 
 3887.269  2.500611e+02 
 3888.781  2.488235e+02 
 3890.294  2.480368e+02 
 3891.808  2.470839e+02 
 3893.323  2.451156e+02 
 3894.840  2.413837e+02 
 3896.357  2.389104e+02 
 3897.876  2.463719e+02 
 3899.396  2.440925e+02 
 3900.917  2.429604e+02 
 3902.439  2.395888e+02 
 3903.963  2.371882e+02 
 3905.487  2.389814e+02 
 3907.013  2.425607e+02 
 3908.540  2.413694e+02 
 3910.069  2.447710e+02 
 3911.598  2.455102e+02 
 3913.129  2.432368e+02 
 3914.661  2.438572e+02 
 3916.194  2.461543e+02 
 3917.728  2.473183e+02 
 3919.263  2.465711e+02 
 3920.800  2.480999e+02 
 3922.338  2.475193e+02 
 3923.877  2.487773e+02 
 3925.417  2.485501e+02 
 3926.959  2.464590e+02 
 3928.501  2.451854e+02 
 3930.045  2.455951e+02 
 3931.591  2.434280e+02 
 3933.137  2.428502e+02 
 3934.684  2.424696e+02 
 3936.233  2.415146e+02 
 3937.783  2.425900e+02 
 3939.334  2.411891e+02 
 3940.887  2.409043e+02 
 3942.440  2.418176e+02 
 3943.995  2.392219e+02 
 3945.552  2.411022e+02 
 3947.109  2.421320e+02 
 3948.667  2.375710e+02 
 3950.227  2.368854e+02 
 3951.788  2.386428e+02 
 3953.351  2.373454e+02 
 3954.914  2.374542e+02 
 3956.479  2.362887e+02 
 3958.045  2.377171e+02 
 3959.612  2.368737e+02 
 3961.181  2.372632e+02 
 3962.750  2.358790e+02 
 3964.321  2.363794e+02 
 3965.894  2.355019e+02 
 3967.467  2.362803e+02 
 3969.042  2.359843e+02 
 3970.618  2.371492e+02 
 3972.195  2.376217e+02 
 3973.773  2.370036e+02 
 3975.353  2.394074e+02 
 3976.934  2.394998e+02 
 3978.516  2.375329e+02 
 3980.100  2.388457e+02 
 3981.684  2.395627e+02 
 3983.271  2.381495e+02 
 3984.858  2.378374e+02 
 3986.446  2.383759e+02 
 3988.036  2.384008e+02 
 3989.627  2.389421e+02 
 3991.219  2.393482e+02 
 3992.813  2.406342e+02 
 3994.408  2.400987e+02 
 3996.004  2.406495e+02 
 3997.602  2.402106e+02 
 3999.200  2.404385e+02 
 4000.800  2.411976e+02 
 4002.402  2.413185e+02 
 4004.004  2.419562e+02 
 4005.608  2.423142e+02 
 4007.213  2.431666e+02 
 4008.820  2.450146e+02 
 4010.427  2.447135e+02 
 4012.036  2.433238e+02 
 4013.646  2.442515e+02 
 4015.258  2.450548e+02 
 4016.871  2.451122e+02 
 4018.485  2.453112e+02 
 4020.101  2.463210e+02 
 4021.718  2.469145e+02 
 4023.335  2.468475e+02 
 4024.955  2.474131e+02 
 4026.575  2.485791e+02 
 4028.198  2.483626e+02 
 4029.821  2.484910e+02 
 4031.446  2.492555e+02 
 4033.071  2.502808e+02 
 4034.698  2.500467e+02 
 4036.327  2.511816e+02 
 4037.957  2.506429e+02 
 4039.588  2.513541e+02 
 4041.221  2.511179e+02 
 4042.854  2.515944e+02 
 4044.490  2.518288e+02 
 4046.126  2.524492e+02 
 4047.764  2.516566e+02 
 4049.403  2.517635e+02 
 4051.043  2.519551e+02 
 4052.685  2.523342e+02 
 4054.328  2.524815e+02 
 4055.973  2.522711e+02 
 4057.618  2.523481e+02 
 4059.265  2.524939e+02 
 4060.914  2.525241e+02 
 4062.564  2.528658e+02 
 4064.215  2.532704e+02 
 4065.867  2.539364e+02 
 4067.521  2.539160e+02 
 4069.176  2.542169e+02 
 4070.833  2.549840e+02 
 4072.490  2.551480e+02 
 4074.150  2.554049e+02 
 4075.810  2.557015e+02 
 4077.472  2.562301e+02 
 4079.135  2.566896e+02 
 4080.800  2.572747e+02 
 4082.466  2.569539e+02 
 4084.133  2.570200e+02 
 4085.802  2.571659e+02 
 4087.472  2.575449e+02 
 4089.144  2.577718e+02 
 4090.816  2.581782e+02 
 4092.490  2.579557e+02 
 4094.166  2.582401e+02 
 4095.843  2.585172e+02 
 4097.521  2.583191e+02 
 4099.201  2.580018e+02 
 4100.882  2.586534e+02 
 4102.564  2.591072e+02 
 4104.248  2.588810e+02 
 4105.933  2.586189e+02 
 4107.620  2.590912e+02 
 4109.308  2.593798e+02 
 4110.997  2.593959e+02 
 4112.688  2.600207e+02 
 4114.380  2.596228e+02 
 4116.073  2.600330e+02 
 4117.769  2.599954e+02 
 4119.465  2.602663e+02 
 4121.162  2.603105e+02 
 4122.861  2.603835e+02 
 4124.562  2.606536e+02 
 4126.264  2.606344e+02 
 4127.967  2.610606e+02 
 4129.672  2.611950e+02 
 4131.378  2.613566e+02 
 4133.085  2.619758e+02 
 4134.794  2.618042e+02 
 4136.505  2.622852e+02 
 4138.217  2.623830e+02 
 4139.930  2.625194e+02 
 4141.645  2.628792e+02 
 4143.360  2.628885e+02 
 4145.078  2.635421e+02 
 4146.797  2.634459e+02 
 4148.517  2.638709e+02 
 4150.239  2.640185e+02 
 4151.962  2.644352e+02 
 4153.687  2.648816e+02 
 4155.413  2.651996e+02 
 4157.140  2.655926e+02 
 4158.869  2.659283e+02 
 4160.599  2.666779e+02 
 4162.331  2.670490e+02 
 4164.064  2.677612e+02 
 4165.799  2.685138e+02 
 4167.535  2.693289e+02 
 4169.272  2.703987e+02 
 4171.012  2.715369e+02 
 4172.752  2.728581e+02 
 4174.494  2.743140e+02 
 4176.237  2.758521e+02 
 4177.982  2.776721e+02 
 4179.729  2.796638e+02 
 4181.476  2.819371e+02 
 4183.226  2.836034e+02 
 4184.976  2.854862e+02 
 4186.728  2.862664e+02 
 4188.482  2.871188e+02 
 4190.237  2.873450e+02 
 4191.994  2.877800e+02 
 4193.751  2.879157e+02 
 4195.511  2.879659e+02 
 4197.272  2.880430e+02 
 4199.034  2.880959e+02 
 4200.798  2.881282e+02 
 4202.564  2.881470e+02 
 4204.331  2.881638e+02 
 4206.099  2.881702e+02 
 4207.869  2.881743e+02 
 4209.640  2.881785e+02 
 4211.413  2.881808e+02 
 4213.188  2.881866e+02 
 4214.963  2.881881e+02 
 4216.741  2.881907e+02 
 4218.520  2.881892e+02 
 4220.300  2.881905e+02 
 4222.082  2.881907e+02 
 4223.865  2.881925e+02 
 4225.650  2.881950e+02 
 4227.436  2.881958e+02 
 4229.224  2.881940e+02 
 4231.014  2.881930e+02 
 4232.804  2.881942e+02 
 4234.597  2.881966e+02 
 4236.391  2.881945e+02 
 4238.186  2.881928e+02 
 4239.983  2.881947e+02 
 4241.782  2.881954e+02 
 4243.582  2.881925e+02 
 4245.383  2.881941e+02 
 4247.187  2.881959e+02 
 4248.991  2.881892e+02 
 4250.797  2.881872e+02 
 4252.605  2.881913e+02 
 4254.414  2.881865e+02 
 4256.225  2.881804e+02 
 4258.037  2.881816e+02 
 4259.851  2.881879e+02 
 4261.667  2.881889e+02 
 4263.483  2.881872e+02 
 4265.302  2.881954e+02 
 4267.122  2.881863e+02 
 4268.944  2.881949e+02 
 4270.767  2.881931e+02 
 4272.591  2.881908e+02 
 4274.418  2.881967e+02 
 4276.246  2.881885e+02 
 4278.075  2.881935e+02 
 4279.906  2.881905e+02 
 4281.739  2.881918e+02 
 4283.573  2.881906e+02 
 4285.408  2.881892e+02 
 4287.246  2.881958e+02 
 4289.084  2.881875e+02 
 4290.925  2.881963e+02 
 4292.767  2.881875e+02 
 4294.610  2.881917e+02 
 4296.456  2.881871e+02 
 4298.302  2.881929e+02 
 4300.151  2.881875e+02 
 4302.000  2.881927e+02 
 4303.852  2.881901e+02 
 4305.705  2.881863e+02 
 4307.560  2.881879e+02 
 4309.417  2.881802e+02 
 4311.274  2.881901e+02 
 4313.134  2.881736e+02 
 4314.995  2.881868e+02 
 4316.857  2.881680e+02 
 4318.722  2.881784e+02 
 4320.588  2.881647e+02 
 4322.456  2.881771e+02 
 4324.325  2.881604e+02 
 4326.195  2.881564e+02 
 4328.068  2.881664e+02 
 4329.942  2.881656e+02 
 4331.817  2.881622e+02 
 4333.695  2.881495e+02 
 4335.574  2.881572e+02 
 4337.454  2.881346e+02 
 4339.336  2.881360e+02 
 4341.220  2.880716e+02 
 4343.105  2.881443e+02 
 4344.993  2.881212e+02 
 4346.881  2.881270e+02 
 4348.771  2.880787e+02 
 4350.664  2.881303e+02 
 4352.557  2.880664e+02 
 4354.453  2.880586e+02 
 4356.350  2.880612e+02 
 4358.248  2.880461e+02 
 4360.148  2.880879e+02 
 4362.050  2.879122e+02 
 4363.954  2.880001e+02 
 4365.859  2.878813e+02 
 4367.766  2.879103e+02 
 4369.675  2.878780e+02 
 4371.585  2.879094e+02 
 4373.497  2.876880e+02 
 4375.411  2.875785e+02 
 4377.326  2.876191e+02 
 4379.243  2.869738e+02 
 4381.161  2.875363e+02 
 4383.082  2.873109e+02 
 4385.003  2.876049e+02 
 4386.927  2.872887e+02 
 4388.853  2.875727e+02 
 4390.780  2.875733e+02 
 4392.708  2.873511e+02 
 4394.639  2.877504e+02 
 4396.571  2.871673e+02 
 4398.505  2.876664e+02 
 4400.440  2.872731e+02 
 4402.377  2.871635e+02 
 4404.316  2.876873e+02 
 4406.257  2.870164e+02 
 4408.200  2.877361e+02 
 4410.144  2.870738e+02 
 4412.089  2.876157e+02 
 4414.037  2.871053e+02 
 4415.986  2.872748e+02 
 4417.937  2.873243e+02 
 4419.890  2.868676e+02 
 4421.844  2.875832e+02 
 4423.800  2.866967e+02 
 4425.758  2.875582e+02 
 4427.718  2.864174e+02 
 4429.679  2.873983e+02 
 4431.642  2.861491e+02 
 4433.607  2.876901e+02 
 4435.574  2.858849e+02 
 4437.542  2.873848e+02 
 4439.512  2.856628e+02 
 4441.484  2.873416e+02 
 4443.457  2.851736e+02 
 4445.433  2.867784e+02 
 4447.410  2.850159e+02 
 4449.389  2.861569e+02 
 4451.369  2.854817e+02 
 4453.352  2.865744e+02 
 4455.335  2.851624e+02 
 4457.321  2.867488e+02 
 4459.309  2.848766e+02 
 4461.298  2.868329e+02 
 4463.290  2.842538e+02 
 4465.283  2.865457e+02 
 4467.277  2.843646e+02 
 4469.274  2.863219e+02 
 4471.272  2.844753e+02 
 4473.272  2.853664e+02 
 4475.274  2.843777e+02 
 4477.278  2.842255e+02 
 4479.284  2.842094e+02 
 4481.291  2.837972e+02 
 4483.300  2.842478e+02 
 4485.311  2.817000e+02 
 4487.324  2.823845e+02 
 4489.338  2.821558e+02 
 4491.354  2.808608e+02 
 4493.373  2.770853e+02 
 4495.393  2.774691e+02 
 4497.414  2.718893e+02 
 4499.438  2.772921e+02 
 4501.463  2.786324e+02 
 4503.490  2.782166e+02 
 4505.520  2.802632e+02 
 4507.550  2.809028e+02 
 4509.583  2.808048e+02 
 4511.618  2.808846e+02 
 4513.654  2.815251e+02 
 4515.692  2.819291e+02 
 4517.732  2.814178e+02 
 4519.774  2.814853e+02 
 4521.818  2.813582e+02 
 4523.864  2.801584e+02 
 4525.911  2.802654e+02 
 4527.960  2.806830e+02 
 4530.012  2.794999e+02 
 4532.064  2.814183e+02 
 4534.120  2.821155e+02 
 4536.176  2.792056e+02 
 4538.235  2.799925e+02 
 4540.295  2.776180e+02 
 4542.358  2.770849e+02 
 4544.422  2.807863e+02 
 4546.488  2.776654e+02 
 4548.556  2.782178e+02 
 4550.626  2.777649e+02 
 4552.698  2.777643e+02 
 4554.771  2.757177e+02 
 4556.847  2.755084e+02 
 4558.924  2.758366e+02 
 4561.003  2.724910e+02 
 4563.085  2.712884e+02 
 4565.168  2.735767e+02 
 4567.253  2.742271e+02 
 4569.340  2.702525e+02 
 4571.429  2.717504e+02 
 4573.520  2.767144e+02 
 4575.612  2.715157e+02 
 4577.707  2.678599e+02 
 4579.803  2.723437e+02 
 4581.902  2.649292e+02 
 4584.002  2.720734e+02 
 4586.104  2.621511e+02 
 4588.208  2.692610e+02 
 4590.314  2.596898e+02 
 4592.423  2.536518e+02 
 4594.533  2.664843e+02 
 4596.645  2.572908e+02 
 4598.759  2.541000e+02 
 4600.875  2.528485e+02 
 4602.992  2.684361e+02 
 4605.112  2.663072e+02 
 4607.233  2.494274e+02 
 4609.357  2.640020e+02 
 4611.483  2.500668e+02 
 4613.610  2.514730e+02 
 4615.740  2.454637e+02 
 4617.872  2.643549e+02 
 4620.005  2.425183e+02 
 4622.140  2.646877e+02 
 4624.278  2.653552e+02 
 4626.417  2.739941e+02 
 4628.559  2.527900e+02 
 4630.702  2.412275e+02 
 4632.847  2.608897e+02 
 4634.995  2.427662e+02 
 4637.144  2.617059e+02 
 4639.295  2.422635e+02 
 4641.448  2.617000e+02 
 4643.604  2.427108e+02 
 4645.761  2.707098e+02 
 4647.920  2.540915e+02 
 4650.082  2.536236e+02 
 4652.245  2.401385e+02 
 4654.410  2.546624e+02 
 4656.578  2.700733e+02 
 4658.747  2.488347e+02 
 4660.918  2.753083e+02 
 4663.092  2.554767e+02 
 4665.268  2.347319e+02 
 4667.445  2.433867e+02 
 4669.625  2.396636e+02 
 4671.806  2.428240e+02 
 4673.990  2.787692e+02 
 4676.175  2.668965e+02 
 4678.363  2.749361e+02 
 4680.553  2.796794e+02 
 4682.744  2.686062e+02 
 4684.938  2.390051e+02 
 4687.134  2.316022e+02 
 4689.332  2.337079e+02 
 4691.532  2.574950e+02 
 4693.734  2.353258e+02 
 4695.938  2.579613e+02 
 4698.145  2.443030e+02 
 4700.353  2.589727e+02 
 4702.563  2.382874e+02 
 4704.775  2.560916e+02 
 4706.990  2.741867e+02 
 4709.207  2.640369e+02 
 4711.425  2.579477e+02 
 4713.646  2.678040e+02 
 4715.869  2.449278e+02 
 4718.094  2.612997e+02 
 4720.321  2.406836e+02 
 4722.550  2.410433e+02 
 4724.782  2.644291e+02 
 4727.015  2.787379e+02 
 4729.250  2.823428e+02 
 4731.488  2.553908e+02 
 4733.728  2.409232e+02 
 4735.970  2.614606e+02 
 4738.214  2.448704e+02 
 4740.460  2.389511e+02 
 4742.708  2.445326e+02 
 4744.959  2.693055e+02 
 4747.211  2.706534e+02 
 4749.466  2.614151e+02 
 4751.723  2.400010e+02 
 4753.982  2.598458e+02 
 4756.243  2.429272e+02 
 4758.506  2.437243e+02 
 4760.771  2.747322e+02 
 4763.039  2.607116e+02 
 4765.309  2.496202e+02 
 4767.581  2.732598e+02 
 4769.855  2.496538e+02 
 4772.131  2.582876e+02 
 4774.410  2.635745e+02 
 4776.690  2.683595e+02 
 4778.973  2.548310e+02 
 4781.258  2.602108e+02 
 4783.545  2.829065e+02 
 4785.834  2.804479e+02 
 4788.125  2.638015e+02 
 4790.419  2.811688e+02 
 4792.715  2.652143e+02 
 4795.014  2.552676e+02 
 4797.314  2.452514e+02 
 4799.616  2.510496e+02 
 4801.921  2.608587e+02 
 4804.228  2.697034e+02 
 4806.537  2.574849e+02 
 4808.849  2.641928e+02 
 4811.162  2.821676e+02 
 4813.478  2.840945e+02 
 4815.796  2.710688e+02 
 4818.116  2.583962e+02 
 4820.439  2.803921e+02 
 4822.764  2.728012e+02 
 4825.091  2.733347e+02 
 4827.420  2.529845e+02 
 4829.751  2.603747e+02 
 4832.085  2.588750e+02 
 4834.421  2.608210e+02 
 4836.760  2.710660e+02 
 4839.100  2.781925e+02 
 4841.443  2.873270e+02 
 4843.788  2.860894e+02 
 4846.135  2.724374e+02 
 4848.485  2.699098e+02 
 4850.837  2.740119e+02 
 4853.191  2.855308e+02 
 4855.548  2.725350e+02 
 4857.907  2.675974e+02 
 4860.268  2.512796e+02 
 4862.631  2.631312e+02 
 4864.997  2.621831e+02 
 4867.365  2.547885e+02 
 4869.735  2.666737e+02 
 4872.107  2.619248e+02 
 4874.482  2.550508e+02 
 4876.859  2.618104e+02 
 4879.239  2.581642e+02 
 4881.621  2.560585e+02 
 4884.005  2.632583e+02 
 4886.392  2.803784e+02 
 4888.781  2.653336e+02 
 4891.172  2.801067e+02 
 4893.565  2.826425e+02 
 4895.961  2.788982e+02 
 4898.359  2.874991e+02 
 4900.760  2.818465e+02 
 4903.163  2.681408e+02 
 4905.568  2.638288e+02 
 4907.976  2.797317e+02 
 4910.386  2.569442e+02 
 4912.798  2.543975e+02 
 4915.213  2.666808e+02 
 4917.630  2.615316e+02 
 4920.049  2.491627e+02 
 4922.471  2.447309e+02 
 4924.896  2.526429e+02 
 4927.322  2.522616e+02 
 4929.751  2.543968e+02 
 4932.183  2.744078e+02 
 4934.617  2.846180e+02 
 4937.053  2.650732e+02 
 4939.492  2.617069e+02 
 4941.933  2.799369e+02 
 4944.376  2.797533e+02 
 4946.822  2.670339e+02 
 4949.271  2.741579e+02 
 4951.721  2.849717e+02 
 4954.174  2.877132e+02 
 4956.630  2.870936e+02 
 4959.088  2.875989e+02 
 4961.548  2.816386e+02 
 4964.011  2.724433e+02 
 4966.477  2.639875e+02 
 4968.944  2.624225e+02 
 4971.415  2.604062e+02 
 4973.887  2.650912e+02 
 4976.363  2.829357e+02 
 4978.840  2.780557e+02 
 4981.320  2.845705e+02 
 4983.803  2.644948e+02 
 4986.288  2.657205e+02 
 4988.775  2.562892e+02 
 4991.266  2.599418e+02 
 4993.758  2.582095e+02 
 4996.253  2.600148e+02 
 4998.750  2.698013e+02 
 5001.250  2.830694e+02 
 5003.753  2.842055e+02 
 5006.258  2.716584e+02 
 5008.766  2.710021e+02 
 5011.276  2.751619e+02 
 5013.788  2.810703e+02 
 5016.303  2.868670e+02 
 5018.821  2.880768e+02 
 5021.341  2.878625e+02 
 5023.864  2.857173e+02 
 5026.389  2.854901e+02 
 5028.917  2.878567e+02 
 5031.447  2.857209e+02 
 5033.979  2.781466e+02 
 5036.515  2.706487e+02 
 5039.053  2.712925e+02 
 5041.593  2.647769e+02 
 5044.137  2.650273e+02 
 5046.682  2.661830e+02 
 5049.230  2.693708e+02 
 5051.781  2.583351e+02 
 5054.334  2.580531e+02 
 5056.890  2.668633e+02 
 5059.449  2.799008e+02 
 5062.010  2.716138e+02 
 5064.574  2.619430e+02 
 5067.140  2.624866e+02 
 5069.709  2.651239e+02 
 5072.280  2.686897e+02 
 5074.854  2.750820e+02 
 5077.431  2.819788e+02 
 5080.010  2.863022e+02 
 5082.592  2.880541e+02 
 5085.177  2.879316e+02 
 5087.764  2.859360e+02 
 5090.354  2.800853e+02 
 5092.947  2.749572e+02 
 5095.542  2.763943e+02 
 5098.140  2.864157e+02 
 5100.740  2.823284e+02 
 5103.343  2.743932e+02 
 5105.949  2.714073e+02 
 5108.557  2.828385e+02 
 5111.168  2.846127e+02 
 5113.782  2.864668e+02 
 5116.398  2.856745e+02 
 5119.018  2.758206e+02 
 5121.639  2.717313e+02 
 5124.264  2.768077e+02 
 5126.891  2.771220e+02 
 5129.521  2.826280e+02 
 5132.153  2.802800e+02 
 5134.789  2.845890e+02 
 5137.426  2.878228e+02 
 5140.067  2.879177e+02 
 5142.710  2.871759e+02 
 5145.356  2.877004e+02 
 5148.005  2.881593e+02 
 5150.657  2.877892e+02 
 5153.312  2.863314e+02 
 5155.968  2.843919e+02 
 5158.628  2.812462e+02 
 5161.291  2.815544e+02 
 5163.956  2.764944e+02 
 5166.624  2.766627e+02 
 5169.295  2.774285e+02 
 5171.968  2.858792e+02 
 5174.645  2.859392e+02 
 5177.324  2.771865e+02 
 5180.005  2.756304e+02 
 5182.690  2.756231e+02 
 5185.377  2.775182e+02 
 5188.068  2.817287e+02 
 5190.761  2.833321e+02 
 5193.457  2.849732e+02 
 5196.155  2.870021e+02 
 5198.856  2.880314e+02 
 5201.561  2.881310e+02 
 5204.268  2.875354e+02 
 5206.978  2.871354e+02 
 5209.690  2.876526e+02 
 5212.406  2.880961e+02 
 5215.124  2.880839e+02 
 5217.845  2.874692e+02 
 5220.569  2.867785e+02 
 5223.296  2.860360e+02 
 5226.026  2.848361e+02 
 5228.758  2.852901e+02 
 5231.494  2.865044e+02 
 5234.232  2.878286e+02 
 5236.973  2.879101e+02 
 5239.717  2.877598e+02 
 5242.464  2.876295e+02 
 5245.214  2.853555e+02 
 5247.967  2.845552e+02 
 5250.722  2.875682e+02 
 5253.481  2.845172e+02 
 5256.242  2.835911e+02 
 5259.006  2.844691e+02 
 5261.773  2.799792e+02 
 5264.543  2.803912e+02 
 5267.317  2.825334e+02 
 5270.093  2.858707e+02 
 5272.872  2.865414e+02 
 5275.653  2.880110e+02 
 5278.438  2.876739e+02 
 5281.226  2.868663e+02 
 5284.016  2.867452e+02 
 5286.810  2.871186e+02 
 5289.606  2.878663e+02 
 5292.406  2.881668e+02 
 5295.208  2.878120e+02 
 5298.014  2.869252e+02 
 5300.822  2.861448e+02 
 5303.633  2.872340e+02 
 5306.448  2.878493e+02 
 5309.265  2.856162e+02 
 5312.085  2.833782e+02 
 5314.909  2.823597e+02 
 5317.735  2.827929e+02 
 5320.564  2.869406e+02 
 5323.396  2.831289e+02 
 5326.232  2.837827e+02 
 5329.070  2.861155e+02 
 5331.912  2.845392e+02 
 5334.756  2.852187e+02 
 5337.604  2.860186e+02 
 5340.454  2.868789e+02 
 5343.308  2.876045e+02 
 5346.165  2.880724e+02 
 5349.024  2.881761e+02 
 5351.887  2.881587e+02 
 5354.753  2.881240e+02 
 5357.622  2.881204e+02 
 5360.494  2.876719e+02 
 5363.369  2.872464e+02 
 5366.247  2.862829e+02 
 5369.128  2.861220e+02 
 5372.012  2.873032e+02 
 5374.899  2.865602e+02 
 5377.790  2.872852e+02 
 5380.684  2.877834e+02 
 5383.581  2.861661e+02 
 5386.480  2.864286e+02 
 5389.383  2.851933e+02 
 5392.290  2.855844e+02 
 5395.199  2.856714e+02 
 5398.111  2.871559e+02 
 5401.026  2.862515e+02 
 5403.945  2.866092e+02 
 5406.867  2.871926e+02 
 5409.792  2.879139e+02 
 5412.720  2.880914e+02 
 5415.652  2.879022e+02 
 5418.586  2.881407e+02 
 5421.524  2.881870e+02 
 5424.465  2.881517e+02 
 5427.409  2.880446e+02 
 5430.356  2.877459e+02 
 5433.307  2.874018e+02 
 5436.260  2.874150e+02 
 5439.217  2.874034e+02 
 5442.177  2.880207e+02 
 5445.141  2.878122e+02 
 5448.107  2.874818e+02 
 5451.077  2.875587e+02 
 5454.050  2.876202e+02 
 5457.026  2.876496e+02 
 5460.006  2.879545e+02 
 5462.989  2.881653e+02 
 5465.975  2.881822e+02 
 5468.964  2.880799e+02 
 5471.957  2.878674e+02 
 5474.953  2.879508e+02 
 5477.952  2.881646e+02 
 5480.954  2.880831e+02 
 5483.960  2.877761e+02 
 5486.969  2.878572e+02 
 5489.981  2.875543e+02 
 5492.997  2.869073e+02 
 5496.016  2.865642e+02 
 5499.038  2.867755e+02 
 5502.063  2.878292e+02 
 5505.093  2.870851e+02 
 5508.125  2.869115e+02 
 5511.161  2.870616e+02 
 5514.200  2.872632e+02 
 5517.242  2.879825e+02 
 5520.288  2.880049e+02 
 5523.336  2.881623e+02 
 5526.389  2.878542e+02 
 5529.445  2.878114e+02 
 5532.504  2.879875e+02 
 5535.566  2.873990e+02 
 5538.632  2.877711e+02 
 5541.702  2.875992e+02 
 5544.774  2.877130e+02 
 5547.851  2.881287e+02 
 5550.930  2.881170e+02 
 5554.013  2.880599e+02 
 5557.100  2.881725e+02 
 5560.189  2.880121e+02 
 5563.283  2.878373e+02 
 5566.379  2.881085e+02 
 5569.479  2.881324e+02 
 5572.583  2.880259e+02 
 5575.690  2.881398e+02 
 5578.801  2.881913e+02 
 5581.915  2.881559e+02 
 5585.033  2.881315e+02 
 5588.153  2.879588e+02 
 5591.278  2.879437e+02 
 5594.406  2.876228e+02 
 5597.538  2.876259e+02 
 5600.672  2.879984e+02 
 5603.811  2.880694e+02 
 5606.953  2.878990e+02 
 5610.099  2.878339e+02 
 5613.248  2.880865e+02 
 5616.400  2.881607e+02 
 5619.557  2.880630e+02 
 5622.716  2.879622e+02 
 5625.879  2.878460e+02 
 5629.046  2.880079e+02 
 5632.217  2.881582e+02 
 5635.391  2.880799e+02 
 5638.568  2.881636e+02 
 5641.750  2.881931e+02 
 5644.934  2.881877e+02 
 5648.123  2.881390e+02 
 5651.314  2.880397e+02 
 5654.510  2.881588e+02 
 5657.709  2.881142e+02 
 5660.912  2.879019e+02 
 5664.118  2.878720e+02 
 5667.328  2.879227e+02 
 5670.542  2.879971e+02 
 5673.759  2.881494e+02 
 5676.980  2.881829e+02 
 5680.205  2.880576e+02 
 5683.433  2.879652e+02 
 5686.665  2.880808e+02 
 5689.901  2.881058e+02 
 5693.140  2.881652e+02 
 5696.383  2.879829e+02 
 5699.630  2.878916e+02 
 5702.880  2.879888e+02 
 5706.135  2.881188e+02 
 5709.393  2.881880e+02 
 5712.654  2.881559e+02 
 5715.919  2.881688e+02 
 5719.188  2.881806e+02 
 5722.461  2.881752e+02 
 5725.738  2.881430e+02 
 5729.018  2.881117e+02 
 5732.302  2.881322e+02 
 5735.590  2.881806e+02 
 5738.881  2.881161e+02 
 5742.177  2.880718e+02 
 5745.476  2.881642e+02 
 5748.779  2.881886e+02 
 5752.085  2.881136e+02 
 5755.396  2.881198e+02 
 5758.710  2.881011e+02 
 5762.029  2.881671e+02 
 5765.351  2.881970e+02 
 5768.677  2.881943e+02 
 5772.006  2.881661e+02 
 5775.340  2.881096e+02 
 5778.677  2.881529e+02 
 5782.019  2.881442e+02 
 5785.363  2.879764e+02 
 5788.712  2.879588e+02 
 5792.065  2.879727e+02 
 5795.422  2.878767e+02 
 5798.783  2.879939e+02 
 5802.147  2.881374e+02 
 5805.516  2.880186e+02 
 5808.888  2.880795e+02 
 5812.264  2.880602e+02 
 5815.645  2.881491e+02 
 5819.029  2.881932e+02 
 5822.417  2.881962e+02 
 5825.809  2.881731e+02 
 5829.205  2.881855e+02 
 5832.605  2.881818e+02 
 5836.009  2.881415e+02 
 5839.417  2.881027e+02 
 5842.829  2.880199e+02 
 5846.244  2.881400e+02 
 5849.664  2.880909e+02 
 5853.088  2.880550e+02 
 5856.516  2.881418e+02 
 5859.948  2.881884e+02 
 5863.384  2.881622e+02 
 5866.824  2.881881e+02 
 5870.268  2.881425e+02 
 5873.716  2.881479e+02 
 5877.167  2.881803e+02 
 5880.624  2.881988e+02 
 5884.084  2.881923e+02 
 5887.548  2.881660e+02 
 5891.017  2.881807e+02 
 5894.489  2.881893e+02 
 5897.966  2.881965e+02 
 5901.446  2.881632e+02 
 5904.931  2.881097e+02 
 5908.420  2.880942e+02 
 5911.913  2.880713e+02 
 5915.410  2.881516e+02 
 5918.912  2.881425e+02 
 5922.417  2.881719e+02 
 5925.926  2.881474e+02 
 5929.440  2.881533e+02 
 5932.958  2.881880e+02 
 5936.480  2.881979e+02 
 5940.006  2.881961e+02 
 5943.537  2.881731e+02 
 5947.072  2.881367e+02 
 5950.610  2.881784e+02 
 5954.153  2.881525e+02 
 5957.701  2.880687e+02 
 5961.252  2.881075e+02 
 5964.808  2.881456e+02 
 5968.368  2.881950e+02 
 5971.933  2.881712e+02 
 5975.501  2.881142e+02 
 5979.074  2.881488e+02 
 5982.651  2.881863e+02 
 5986.232  2.881602e+02 
 5989.818  2.881942e+02 
 5993.408  2.881863e+02 
 5997.002  2.881153e+02 
 6000.601  2.880588e+02 
 6004.204  2.880564e+02 
 6007.811  2.880874e+02 
 6011.422  2.881637e+02 
 6015.038  2.881861e+02 
 6018.658  2.881454e+02 
 6022.283  2.880674e+02 
 6025.912  2.880388e+02 
 6029.545  2.880593e+02 
 6033.183  2.881183e+02 
 6036.825  2.881443e+02 
 6040.472  2.881642e+02 
 6044.123  2.881949e+02 
 6047.778  2.881976e+02 
 6051.438  2.881986e+02 
 6055.102  2.881826e+02 
 6058.771  2.881537e+02 
 6062.444  2.881493e+02 
 6066.121  2.881855e+02 
 6069.803  2.881912e+02 
 6073.490  2.881897e+02 
 6077.181  2.881875e+02 
 6080.876  2.881329e+02 
 6084.576  2.880789e+02 
 6088.281  2.881205e+02 
 6091.990  2.880508e+02 
 6095.703  2.881095e+02 
 6099.421  2.880685e+02 
 6103.144  2.881365e+02 
 6106.871  2.881869e+02 
 6110.603  2.881805e+02 
 6114.339  2.881980e+02 
 6118.080  2.881807e+02 
 6121.825  2.881176e+02 
 6125.575  2.880621e+02 
 6129.330  2.880140e+02 
 6133.088  2.879974e+02 
 6136.853  2.880483e+02 
 6140.621  2.881423e+02 
 6144.394  2.881737e+02 
 6148.171  2.880786e+02 
 6151.954  2.880916e+02 
 6155.741  2.881479e+02 
 6159.532  2.881926e+02 
 6163.329  2.881671e+02 
 6167.130  2.880969e+02 
 6170.936  2.881057e+02 
 6174.746  2.880863e+02 
 6178.561  2.881271e+02 
 6182.381  2.881809e+02 
 6186.206  2.881960e+02 
 6190.035  2.881610e+02 
 6193.869  2.880932e+02 
 6197.708  2.880176e+02 
 6201.551  2.880143e+02 
 6205.399  2.879382e+02 
 6209.252  2.879901e+02 
 6213.110  2.881556e+02 
 6216.973  2.879921e+02 
 6220.840  2.881028e+02 
 6224.713  2.880347e+02 
 6228.590  2.878448e+02 
 6232.472  2.878588e+02 
 6236.358  2.881001e+02 
 6240.250  2.880212e+02 
 6244.146  2.880630e+02 
 6248.048  2.878992e+02 
 6251.955  2.877625e+02 
 6255.866  2.877650e+02 
 6259.782  2.878084e+02 
 6263.703  2.880431e+02 
 6267.628  2.879511e+02 
 6271.559  2.881220e+02 
 6275.495  2.878964e+02 
 6279.436  2.878930e+02 
 6283.381  2.880139e+02 
 6287.332  2.879570e+02 
 6291.287  2.880225e+02 
 6295.248  2.877932e+02 
 6299.213  2.878304e+02 
 6303.184  2.878090e+02 
 6307.159  2.878165e+02 
 6311.140  2.878351e+02 
 6315.125  2.879344e+02 
 6319.116  2.879835e+02 
 6323.112  2.879294e+02 
 6327.112  2.879750e+02 
 6331.118  2.880335e+02 
 6335.129  2.881100e+02 
 6339.145  2.881732e+02 
 6343.166  2.881950e+02 
 6347.192  2.881866e+02 
 6351.223  2.881414e+02 
 6355.260  2.880995e+02 
 6359.301  2.880877e+02 
 6363.348  2.880997e+02 
 6367.399  2.881687e+02 
 6371.457  2.881940e+02 
 6375.519  2.881640e+02 
 6379.586  2.880872e+02 
 6383.659  2.880799e+02 
 6387.736  2.881465e+02 
 6391.819  2.881697e+02 
 6395.907  2.881136e+02 
 6400.000  2.881273e+02 
 6404.099  2.881667e+02 
 6408.203  2.881957e+02 
 6412.312  2.881961e+02 
 6416.427  2.881979e+02 
 6420.546  2.881959e+02 
 6424.671  2.881700e+02 
 6428.802  2.881659e+02 
 6432.938  2.881937e+02 
 6437.078  2.881672e+02 
 6441.225  2.881197e+02 
 6445.376  2.881037e+02 
 6449.533  2.881700e+02 
 6453.695  2.881740e+02 
 6457.863  2.880999e+02 
 6462.036  2.880739e+02 
 6466.215  2.881195e+02 
 6470.398  2.881888e+02 
 6474.588  2.881818e+02 
 6478.783  2.881837e+02 
 6482.983  2.881915e+02 
 6487.188  2.881909e+02 
 6491.399  2.881955e+02 
 6495.616  2.881962e+02 
 6499.838  2.881943e+02 
 6504.066  2.881578e+02 
 6508.299  2.881325e+02 
 6512.537  2.881592e+02 
 6516.781  2.881727e+02 
 6521.031  2.881952e+02 
 6525.286  2.881614e+02 
 6529.547  2.881654e+02 
 6533.813  2.880710e+02 
 6538.085  2.881051e+02 
 6542.362  2.881763e+02 
 6546.646  2.881773e+02 
 6550.934  2.881546e+02 
 6555.229  2.881921e+02 
 6559.528  2.881671e+02 
 6563.834  2.881743e+02 
 6568.145  2.881924e+02 
 6572.462  2.881953e+02 
 6576.785  2.881932e+02 
 6581.113  2.881667e+02 
 6585.447  2.881502e+02 
 6589.787  2.881929e+02 
 6594.132  2.881906e+02 
 6598.483  2.881742e+02 
 6602.840  2.881357e+02 
 6607.203  2.881028e+02 
 6611.571  2.881786e+02 
 6615.945  2.881426e+02 
 6620.325  2.881607e+02 
 6624.711  2.881855e+02 
 6629.103  2.881906e+02 
 6633.500  2.881954e+02 
 6637.903  2.881956e+02 
 6642.312  2.881964e+02 
 6646.727  2.881661e+02 
 6651.148  2.881137e+02 
 6655.575  2.881212e+02 
 6660.007  2.881352e+02 
 6664.446  2.881150e+02 
 6668.890  2.881566e+02 
 6673.341  2.881847e+02 
 6677.797  2.881520e+02 
 6682.259  2.881913e+02 
 6686.728  2.881664e+02 
 6691.202  2.880857e+02 
 6695.682  2.880401e+02 
 6700.168  2.880539e+02 
 6704.661  2.881430e+02 
 6709.159  2.881878e+02 
 6713.663  2.881897e+02 
 6718.173  2.881573e+02 
 6722.690  2.881844e+02 
 6727.212  2.881485e+02 
 6731.741  2.880306e+02 
 6736.275  2.879313e+02 
 6740.816  2.878907e+02 
 6745.363  2.879582e+02 
 6749.917  2.881495e+02 
 6754.476  2.880418e+02 
 6759.041  2.878860e+02 
 6763.612  2.879344e+02 
 6768.190  2.880495e+02 
 6772.774  2.881810e+02 
 6777.364  2.881397e+02 
 6781.961  2.881527e+02 
 6786.563  2.881918e+02 
 6791.172  2.881875e+02 
 6795.788  2.881831e+02 
 6800.409  2.881035e+02 
 6805.037  2.880279e+02 
 6809.670  2.879504e+02 
 6814.311  2.880281e+02 
 6818.958  2.880765e+02 
 6823.610  2.881650e+02 
 6828.270  2.881806e+02 
 6832.936  2.880814e+02 
 6837.607  2.879961e+02 
 6842.286  2.879871e+02 
 6846.971  2.880606e+02 
 6851.662  2.881681e+02 
 6856.360  2.881882e+02 
 6861.064  2.881895e+02 
 6865.775  2.881951e+02 
 6870.492  2.881794e+02 
 6875.216  2.881438e+02 
 6879.946  2.880378e+02 
 6884.683  2.881028e+02 
 6889.426  2.880494e+02 
 6894.175  2.878964e+02 
 6898.932  2.879468e+02 
 6903.694  2.881368e+02 
 6908.464  2.881522e+02 
 6913.240  2.880541e+02 
 6918.022  2.878708e+02 
 6922.812  2.876575e+02 
 6927.607  2.875694e+02 
 6932.410  2.876641e+02 
 6937.219  2.877438e+02 
 6942.035  2.877389e+02 
 6946.857  2.878468e+02 
 6951.687  2.880363e+02 
 6956.522  2.881636e+02 
 6961.365  2.881931e+02 
 6966.215  2.881419e+02 
 6971.071  2.879767e+02 
 6975.934  2.880920e+02 
 6980.804  2.880052e+02 
 6985.680  2.879585e+02 
 6990.563  2.881152e+02 
 6995.454  2.881306e+02 
 7000.351  2.880465e+02 
 7005.255  2.877618e+02 
 7010.166  2.877029e+02 
 7015.083  2.878057e+02 
 7020.008  2.881082e+02 
 7024.939  2.881426e+02 
 7029.878  2.879370e+02 
 7034.823  2.879869e+02 
 7039.775  2.881197e+02 
 7044.735  2.881949e+02 
 7049.701  2.881551e+02 
 7054.675  2.881578e+02 
 7059.655  2.880808e+02 
 7064.643  2.879585e+02 
 7069.637  2.877099e+02 
 7074.638  2.873785e+02 
 7079.647  2.876385e+02 
 7084.663  2.879915e+02 
 7089.686  2.875606e+02 
 7094.715  2.876519e+02 
 7099.752  2.874460e+02 
 7104.797  2.873342e+02 
 7109.848  2.876978e+02 
 7114.907  2.881087e+02 
 7119.973  2.881036e+02 
 7125.045  2.878562e+02 
 7130.125  2.875595e+02 
 7135.213  2.876357e+02 
 7140.308  2.879470e+02 
 7145.410  2.881658e+02 
 7150.520  2.881182e+02 
 7155.636  2.880835e+02 
 7160.760  2.880466e+02 
 7165.891  2.881631e+02 
 7171.030  2.881848e+02 
 7176.176  2.880333e+02 
 7181.330  2.877138e+02 
 7186.490  2.876317e+02 
 7191.659  2.879038e+02 
 7196.834  2.876883e+02 
 7202.018  2.879663e+02 
 7207.208  2.881772e+02 
 7212.406  2.881277e+02 
 7217.612  2.876647e+02 
 7222.825  2.869704e+02 
 7228.046  2.871520e+02 
 7233.274  2.869131e+02 
 7238.510  2.867178e+02 
 7243.753  2.871500e+02 
 7249.004  2.877515e+02 
 7254.263  2.876770e+02 
 7259.529  2.875206e+02 
 7264.803  2.875217e+02 
 7270.084  2.880865e+02 
 7275.374  2.881340e+02 
 7280.671  2.881484e+02 
 7285.976  2.879341e+02 
 7291.288  2.873124e+02 
 7296.608  2.871521e+02 
 7301.936  2.877849e+02 
 7307.271  2.880946e+02 
 7312.615  2.872078e+02 
 7317.967  2.864674e+02 
 7323.326  2.869232e+02 
 7328.693  2.875500e+02 
 7334.068  2.881378e+02 
 7339.451  2.881159e+02 
 7344.841  2.880526e+02 
 7350.240  2.878811e+02 
 7355.646  2.869327e+02 
 7361.061  2.873865e+02 
 7366.483  2.862486e+02 
 7371.914  2.859293e+02 
 7377.353  2.873145e+02 
 7382.799  2.876640e+02 
 7388.254  2.853189e+02 
 7393.716  2.848365e+02 
 7399.187  2.850568e+02 
 7404.666  2.858756e+02 
 7410.153  2.878513e+02 
 7415.648  2.863080e+02 
 7421.151  2.848808e+02 
 7426.663  2.847160e+02 
 7432.182  2.834872e+02 
 7437.710  2.846385e+02 
 7443.246  2.846792e+02 
 7448.791  2.867693e+02 
 7454.343  2.875365e+02 
 7459.904  2.881443e+02 
 7465.473  2.881285e+02 
 7471.051  2.880892e+02 
 7476.637  2.877315e+02 
 7482.231  2.879738e+02 
 7487.833  2.863066e+02 
 7493.444  2.840768e+02 
 7499.063  2.835302e+02 
 7504.691  2.856346e+02 
 7510.328  2.774017e+02 
 7515.973  2.810648e+02 
 7521.626  2.854719e+02 
 7527.288  2.789519e+02 
 7532.958  2.861415e+02 
 7538.637  2.808807e+02 
 7544.324  2.766256e+02 
 7550.020  2.813034e+02 
 7555.725  2.855430e+02 
 7561.438  2.840611e+02 
 7567.160  2.851890e+02 
 7572.890  2.878176e+02 
 7578.629  2.879696e+02 
 7584.377  2.878402e+02 
 7590.134  2.875823e+02 
 7595.899  2.875997e+02 
 7601.673  2.860129e+02 
 7607.457  2.874969e+02 
 7613.248  2.878321e+02 
 7619.049  2.878593e+02 
 7624.858  2.851486e+02 
 7630.676  2.800048e+02 
 7636.503  2.814012e+02 
 7642.340  2.866496e+02 
 7648.185  2.843086e+02 
 7654.039  2.853458e+02 
 7659.901  2.861875e+02 
 7665.773  2.847321e+02 
 7671.654  2.845399e+02 
 7677.544  2.814722e+02 
 7683.443  2.810550e+02 
 7689.352  2.777456e+02 
 7695.269  2.781337e+02 
 7701.195  2.744266e+02 
 7707.130  2.838861e+02 
 7713.075  2.860227e+02 
 7719.028  2.786784e+02 
 7724.992  2.786992e+02 
 7730.964  2.784690e+02 
 7736.945  2.780641e+02 
 7742.936  2.737283e+02 
 7748.936  2.835498e+02 
 7754.945  2.791666e+02 
 7760.963  2.874611e+02 
 7766.992  2.876802e+02 
 7773.029  2.831913e+02 
 7779.076  2.721692e+02 
 7785.131  2.817076e+02 
 7791.197  2.801024e+02 
 7797.272  2.752826e+02 
 7803.356  2.780079e+02 
 7809.451  2.827812e+02 
 7815.554  2.764512e+02 
 7821.667  2.679239e+02 
 7827.790  2.738149e+02 
 7833.922  2.728459e+02 
 7840.064  2.754637e+02 
 7846.215  2.727308e+02 
 7852.376  2.806845e+02 
 7858.547  2.863768e+02 
 7864.728  2.876928e+02 
 7870.918  2.864253e+02 
 7877.118  2.863747e+02 
 7883.328  2.871015e+02 
 7889.547  2.821078e+02 
 7895.777  2.857262e+02 
 7902.016  2.851951e+02 
 7908.265  2.757800e+02 
 7914.524  2.777794e+02 
 7920.793  2.752068e+02 
 7927.072  2.818548e+02 
 7933.361  2.876137e+02 
 7939.660  2.844780e+02 
 7945.969  2.809269e+02 
 7952.288  2.662089e+02 
 7958.617  2.652263e+02 
 7964.956  2.585568e+02 
 7971.305  2.699197e+02 
 7977.664  2.748649e+02 
 7984.033  2.650907e+02 
 7990.413  2.633393e+02 
 7996.803  2.478073e+02 
 8003.203  2.607081e+02 
 8009.613  2.579862e+02 
 8016.033  2.599059e+02 
 8022.464  2.564073e+02 
 8028.905  2.678967e+02 
 8035.357  2.847550e+02 
 8041.819  2.807754e+02 
 8048.291  2.660103e+02 
 8054.774  2.534102e+02 
 8061.267  2.542216e+02 
 8067.771  2.668720e+02 
 8074.285  2.488979e+02 
 8080.810  2.598557e+02 
 8087.345  2.593051e+02 
 8093.891  2.337104e+02 
 8100.447  2.174281e+02 
 8107.014  2.329044e+02 
 8113.592  2.237844e+02 
 8120.180  2.151505e+02 
 8126.779  2.369450e+02 
 8133.389  2.497861e+02 
 8140.009  2.350049e+02 
 8146.641  2.335685e+02 
 8153.283  2.601949e+02 
 8159.936  2.835845e+02 
 8166.600  2.754624e+02 
 8173.275  2.485468e+02 
 8179.960  2.476045e+02 
 8186.657  2.556651e+02 
 8193.365  2.526893e+02 
 8200.083  2.509814e+02 
 8206.813  2.801534e+02 
 8213.554  2.439206e+02 
 8220.306  2.349884e+02 
 8227.068  2.428291e+02 
 8233.843  2.420248e+02 
 8240.628  2.483978e+02 
 8247.424  2.826904e+02 
 8254.231  2.826584e+02 
 8261.051  2.532478e+02 
 8267.881  2.343703e+02 
 8274.722  2.301651e+02 
 8281.575  2.223563e+02 
 8288.439  2.388512e+02 
 8295.314  2.280318e+02 
 8302.201  2.112993e+02 
 8309.100  2.137782e+02 
 8316.010  2.144440e+02 
 8322.931  2.198721e+02 
 8329.864  2.166918e+02 
 8336.809  2.315267e+02 
 8343.765  2.746613e+02 
 8350.732  2.578518e+02 
 8357.712  2.298806e+02 
 8364.702  2.212151e+02 
 8371.705  2.136378e+02 
 8378.720  2.305499e+02 
 8385.746  2.206761e+02 
 8392.783  2.376428e+02 
 8399.833  2.279249e+02 
 8406.896  2.215039e+02 
 8413.969  2.355546e+02 
 8421.054  2.735668e+02 
 8428.151  2.732684e+02 
 8435.261  2.397587e+02 
 8442.382  2.301961e+02 
 8449.516  2.177622e+02 
 8456.661  2.149222e+02 
 8463.818  2.193128e+02 
 8470.988  2.365849e+02 
 8478.170  2.158144e+02 
 8485.364  2.295183e+02 
 8492.570  2.219821e+02 
 8499.789  2.358937e+02 
 8507.020  2.551142e+02 
 8514.263  2.847518e+02 
 8521.519  2.692788e+02 
 8528.786  2.300188e+02 
 8536.066  2.228039e+02 
 8543.359  2.185292e+02 
 8550.664  2.186773e+02 
 8557.981  2.062151e+02 
 8565.312  2.111062e+02 
 8572.655  2.329934e+02 
 8580.010  2.768275e+02 
 8587.378  2.419781e+02 
 8594.759  2.201266e+02 
 8602.152  2.125070e+02 
 8609.559  2.102034e+02 
 8616.977  2.081205e+02 
 8624.408  2.095087e+02 
 8631.854  2.102633e+02 
 8639.311  2.063206e+02 
 8646.780  2.073898e+02 
 8654.264  2.105432e+02 
 8661.760  2.198008e+02 
 8669.270  2.179508e+02 
 8676.791  2.595281e+02 
 8684.326  2.526784e+02 
 8691.875  2.246901e+02 
 8699.437  2.644515e+02 
 8707.011  2.196247e+02 
 8714.599  2.118389e+02 
 8722.199  2.093751e+02 
 8729.814  2.051557e+02 
 8737.441  2.036729e+02 
 8745.083  2.066631e+02 
 8752.737  2.046652e+02 
 8760.404  2.152900e+02 
 8768.086  2.064223e+02 
 8775.780  2.069884e+02 
 8783.488  2.161183e+02 
 8791.211  2.646680e+02 
 8798.946  2.517151e+02 
 8806.694  2.765352e+02 
 8814.457  2.272633e+02 
 8822.233  2.133101e+02 
 8830.023  2.062529e+02 
 8837.827  2.038709e+02 
 8845.646  2.013618e+02 
 8853.477  2.029481e+02 
 8861.322  1.971758e+02 
 8869.182  2.000932e+02 
 8877.055  1.980576e+02 
 8884.941  1.996360e+02 
 8892.843  2.001593e+02 
 8900.759  2.050063e+02 
 8908.688  2.071776e+02 
 8916.631  2.591386e+02 
 8924.589  2.452806e+02 
 8932.561  2.029783e+02 
 8940.547  2.029285e+02 
 8948.548  2.143297e+02 
 8956.562  1.985966e+02 
 8964.592  1.975884e+02 
 8972.636  2.001171e+02 
 8980.693  1.986167e+02 
 8988.766  2.096462e+02 
 8996.853  2.592554e+02 
 9004.954  2.125564e+02 
 9013.070  1.998169e+02 
 9021.201  2.043835e+02 
 9029.348  2.207045e+02 
 9037.508  2.593214e+02 
 9045.683  2.051068e+02 
 9053.872  2.005608e+02 
 9062.077  1.979019e+02 
 9070.297  2.066962e+02 
 9078.531  2.508573e+02 
 9086.780  2.129968e+02 
 9095.045  2.476657e+02 
 9103.324  2.018151e+02 
 9111.619  1.967002e+02 
 9119.929  1.967026e+02 
 9128.254  1.964146e+02 
 9136.594  1.988020e+02 
 9144.949  1.991671e+02 
 9153.320  2.027523e+02 
 9161.706  2.464186e+02 
 9170.107  2.153481e+02 
 9178.524  2.025941e+02 
 9186.956  2.051890e+02 
 9195.404  2.086395e+02 
 9203.867  2.060901e+02 
 9212.347  2.228097e+02 
 9220.841  2.088803e+02 
 9229.352  2.107174e+02 
 9237.877  2.116812e+02 
 9246.419  2.182354e+02 
 9254.977  2.039739e+02 
 9263.550  2.139419e+02 
 9272.140  2.149056e+02 
 9280.744  2.146426e+02 
 9289.365  2.146571e+02 
 9298.003  2.132917e+02 
 9306.656  2.520468e+02 
 9315.326  2.201140e+02 
 9324.012  2.183112e+02 
 9332.713  2.131418e+02 
 9341.432  2.147408e+02 
 9350.166  2.082305e+02 
 9358.916  2.134741e+02 
 9367.684  2.181387e+02 
 9376.467  2.584035e+02 
 9385.268  2.334852e+02 
 9394.084  2.243777e+02 
 9402.917  2.265293e+02 
 9411.767  2.434367e+02 
 9420.633  2.334604e+02 
 9429.517  2.501790e+02 
 9438.416  2.383776e+02 
 9447.333  2.435677e+02 
 9456.267  2.411485e+02 
 9465.218  2.395051e+02 
 9474.185  2.484126e+02 
 9483.170  2.408262e+02 
 9492.171  2.427965e+02 
 9501.189  2.463657e+02 
 9510.226  2.457060e+02 
 9519.278  2.465150e+02 
 9528.349  2.455547e+02 
 9537.437  2.393208e+02 
 9546.542  2.337792e+02 
 9555.664  2.344983e+02 
 9564.804  2.248633e+02 
 9573.961  2.189204e+02 
 9583.136  2.163757e+02 
 9592.328  2.216230e+02 
 9601.538  2.407887e+02 
 9610.767  2.378742e+02 
 9620.012  2.499395e+02 
 9629.275  2.369270e+02 
 9638.557  2.357910e+02 
 9647.855  2.332055e+02 
 9657.173  2.320301e+02 
 9666.508  2.323838e+02 
 9675.861  2.325631e+02 
 9685.232  2.376869e+02 
 9694.622  2.358403e+02 
 9704.029  2.361780e+02 
 9713.455  2.501950e+02 
 9722.899  2.473701e+02 
 9732.362  2.328383e+02 
 9741.844  2.324464e+02 
 9751.343  2.307597e+02 
 9760.861  2.325042e+02 
 9770.398  2.312521e+02 
 9779.953  2.316327e+02 
 9789.527  2.294491e+02 
 9799.120  2.306041e+02 
 9808.732  2.280099e+02 
 9818.362  2.318981e+02 
 9828.012  2.380039e+02 
 9837.681  2.261900e+02 
 9847.368  2.261834e+02 
 9857.075  2.446901e+02 
 9866.801  2.239517e+02 
 9876.546  2.198185e+02 
 9886.310  2.228010e+02 
 9896.094  2.419804e+02 
 9905.896  2.248568e+02 
 9915.719  2.152309e+02 
 9925.561  2.187040e+02 
 9935.422  2.134454e+02 
 9945.304  2.124509e+02 
 9955.204  2.179886e+02 
 9965.125  2.198542e+02 
 9975.064  2.106821e+02 
 9985.025  2.080949e+02 
 9995.005  2.187238e+02 
10005.005  2.101445e+02 
10015.025  2.180921e+02 
10025.065  2.069115e+02 
10035.125  2.024986e+02 
10045.206  2.044888e+02 
10055.307  2.052326e+02 
10065.428  2.005420e+02 
10075.569  2.013762e+02 
10085.731  2.013302e+02 
10095.914  2.029542e+02 
10106.117  2.001934e+02 
10116.341  2.007471e+02 
10126.585  2.006489e+02 
10136.850  2.009198e+02 
10147.136  2.003262e+02 
10157.443  2.077697e+02 
10167.771  2.026339e+02 
10178.120  2.040180e+02 
10188.489  2.031281e+02 
10198.881  2.035436e+02 
10209.293  2.056257e+02 
10219.727  2.077199e+02 
10230.182  2.207114e+02 
10240.658  2.114983e+02 
10251.156  2.228817e+02 
10261.676  2.145759e+02 
10272.217  2.269268e+02 
10282.779  2.018233e+02 
10293.363  2.242854e+02 
10303.970  2.113435e+02 
10314.598  2.062437e+02 
10325.248  1.981942e+02 
10335.920  2.076396e+02 
10346.614  2.135561e+02 
10357.331  2.036918e+02 
10368.069  2.023972e+02 
10378.830  1.998515e+02 
10389.613  1.957134e+02 
10400.419  2.000160e+02 
10411.247  1.976834e+02 
10422.098  2.105480e+02 
10432.971  1.976395e+02 
10443.867  2.013972e+02 
10454.786  2.039015e+02 
10465.728  2.232423e+02 
10476.692  2.095370e+02 
10487.680  2.207047e+02 
10498.690  2.064224e+02 
10509.725  2.073042e+02 
10520.781  1.981456e+02 
10531.861  2.097341e+02 
10542.966  2.417495e+02 
10554.093  2.136877e+02 
10565.243  2.057457e+02 
10576.418  2.057030e+02 
10587.615  2.148610e+02 
10598.837  1.989844e+02 
10610.083  2.072771e+02 
10621.352  2.057686e+02 
10632.646  2.100231e+02 
10643.963  1.978213e+02 
10655.304  2.058313e+02 
10666.670  1.996807e+02 
10678.060  2.045487e+02 
10689.474  1.984024e+02 
10700.913  2.029766e+02 
10712.376  1.991607e+02 
10723.863  2.020680e+02 
10735.376  1.996539e+02 
10746.913  1.999203e+02 
10758.476  2.018370e+02 
10770.062  2.038974e+02 
10781.674  1.994802e+02 
10793.312  1.994693e+02 
10804.974  2.199537e+02 
10816.661  2.205393e+02 
10828.373  2.007954e+02 
10840.111  2.346610e+02 
10851.875  2.168991e+02 
10863.664  2.010556e+02 
10875.479  1.990786e+02 
10887.319  2.136287e+02 
10899.186  1.989481e+02 
10911.078  1.992567e+02 
10922.996  1.988697e+02 
10934.940  2.036904e+02 
10946.911  2.075880e+02 
10958.907  1.996593e+02 
10970.931  2.002162e+02 
10982.979  2.083526e+02 
10995.056  2.272880e+02 
11007.158  2.348228e+02 
11019.287  2.022698e+02 
11031.443  2.212381e+02 
11043.626  2.032364e+02 
11055.835  1.996537e+02 
11068.072  1.992878e+02 
11080.336  2.008964e+02 
11092.627  1.990513e+02 
11104.945  1.994625e+02 
11117.291  1.991993e+02 
11129.664  2.000955e+02 
11142.064  2.049839e+02 
11154.493  2.023044e+02 
11166.949  2.007022e+02 
11179.434  1.996020e+02 
11191.945  1.998103e+02 
11204.485  2.000265e+02 
11217.054  2.134914e+02 
11229.649  2.105955e+02 
11242.274  2.039946e+02 
11254.928  2.234090e+02 
11267.609  2.412439e+02 
11280.319  2.102241e+02 
11293.059  2.022662e+02 
11305.826  2.074282e+02 
11318.623  2.338816e+02 
11331.448  2.031968e+02 
11344.303  2.130817e+02 
11357.188  2.050010e+02 
11370.101  2.037078e+02 
11383.043  2.354855e+02 
11396.015  2.031272e+02 
11409.017  2.017796e+02 
11422.048  2.020880e+02 
11435.109  2.012258e+02 
11448.200  2.015044e+02 
11461.322  2.034949e+02 
11474.473  2.420509e+02 
11487.654  2.090879e+02 
11500.866  2.022692e+02 
11514.108  2.017865e+02 
11527.382  2.017492e+02 
11540.685  2.032368e+02 
11554.019  2.351853e+02 
11567.384  2.156640e+02 
11580.780  2.023392e+02 
11594.207  2.021933e+02 
11607.665  2.018648e+02 
11621.154  2.021665e+02 
11634.675  2.060682e+02 
11648.228  2.120665e+02 
11661.812  2.030100e+02 
11675.427  2.039936e+02 
11689.075  2.102016e+02 
11702.754  2.505588e+02 
11716.466  2.299822e+02 
11730.209  2.702865e+02 
11743.985  2.136598e+02 
11757.794  2.102326e+02 
11771.635  2.464580e+02 
11785.508  2.065734e+02 
11799.414  2.041478e+02 
11813.354  2.037414e+02 
11827.325  2.044567e+02 
11841.330  2.033081e+02 
11855.369  2.034609e+02 
11869.440  2.078154e+02 
11883.546  2.184957e+02 
11897.685  2.275895e+02 
11911.856  2.378979e+02 
11926.062  2.057057e+02 
11940.303  2.041155e+02 
11954.577  2.040205e+02 
11968.885  2.163285e+02 
11983.228  2.041076e+02 
11997.604  2.038885e+02 
12012.017  2.041469e+02 
12026.463  2.043087e+02 
12040.943  2.047854e+02 
12055.460  2.054819e+02 
12070.011  2.115056e+02 
12084.597  2.488447e+02 
12099.218  2.093205e+02 
12113.875  2.298373e+02 
12128.567  2.111582e+02 
12143.295  2.061003e+02 
12158.060  2.063671e+02 
12172.859  2.063903e+02 
12187.695  2.068037e+02 
12202.567  2.054417e+02 
12217.476  2.076002e+02 
12232.421  2.084513e+02 
12247.402  2.081638e+02 
12262.420  2.143530e+02 
12277.476  2.500713e+02 
12292.567  2.400479e+02 
12307.697  2.125424e+02 
12322.863  2.081181e+02 
12338.067  2.114635e+02 
12353.310  2.141216e+02 
12368.589  2.500365e+02 
12383.905  2.211714e+02 
12399.261  2.231389e+02 
12414.654  2.174596e+02 
12430.086  2.204565e+02 
12445.556  2.670502e+02 
12461.064  2.343026e+02 
12476.611  2.186561e+02 
12492.197  2.199871e+02 
12507.822  2.447327e+02 
12523.486  2.808791e+02 
12539.189  2.528881e+02 
12554.933  2.550766e+02 
12570.715  2.648568e+02 
12586.537  2.400334e+02 
12602.399  2.494831e+02 
12618.302  2.387018e+02 
12634.244  2.520500e+02 
12650.227  2.138752e+02 
12666.250  2.124268e+02 
12682.313  2.137144e+02 
12698.418  2.147021e+02 
12714.563  2.176591e+02 
12730.750  2.294080e+02 
12746.978  2.745467e+02 
12763.247  2.335654e+02 
12779.558  2.193423e+02 
12795.910  2.160730e+02 
12812.305  2.189696e+02 
12828.741  2.498763e+02 
12845.221  2.265601e+02 
12861.741  2.492919e+02 
12878.306  2.542700e+02 
12894.912  2.617079e+02 
12911.562  2.250152e+02 
12928.254  2.185419e+02 
12944.989  2.226005e+02 
12961.769  2.243106e+02 
12978.591  2.448094e+02 
12995.457  2.447994e+02 
13012.367  2.441899e+02 
13029.321  2.363074e+02 
13046.320  2.329447e+02 
13063.363  2.204025e+02 
13080.450  2.348249e+02 
13097.583  2.383530e+02 
13114.760  2.228230e+02 
13131.982  2.425413e+02 
13149.250  2.473396e+02 
13166.562  2.323035e+02 
13183.921  2.451657e+02 
13201.326  2.561071e+02 
13218.776  2.458665e+02 
13236.273  2.620516e+02 
13253.816  2.810997e+02 
13271.406  2.644393e+02 
13289.042  2.746406e+02 
13306.726  2.684235e+02 
13324.456  2.530064e+02 
13342.234  2.664883e+02 
13360.060  2.769471e+02 
13377.933  2.591419e+02 
13395.854  2.699497e+02 
13413.822  2.752372e+02 
13431.840  2.830042e+02 
13449.905  2.746247e+02 
13468.020  2.805048e+02 
13486.183  2.851433e+02 
13504.396  2.858446e+02 
13522.656  2.819113e+02 
13540.968  2.734020e+02 
13559.328  2.803697e+02 
13577.739  2.813401e+02 
13596.199  2.746183e+02 
13614.710  2.804849e+02 
13633.271  2.807590e+02 
13651.884  2.745455e+02 
13670.546  2.840064e+02 
13689.261  2.862150e+02 
13708.025  2.840430e+02 
13726.843  2.827177e+02 
13745.711  2.758223e+02 
13764.632  2.757817e+02 
13783.604  2.802357e+02 
13802.629  2.729124e+02 
13821.707  2.789420e+02 
13840.837  2.794579e+02 
13860.021  2.857472e+02 
13879.257  2.880783e+02 
13898.548  2.878436e+02 
13917.892  2.871669e+02 
13937.289  2.827137e+02 
13956.741  2.853778e+02 
13976.247  2.823397e+02 
13995.809  2.840467e+02 
14015.424  2.869090e+02 
14035.095  2.843531e+02 
14054.820  2.858673e+02 
14074.603  2.862717e+02 
14094.439  2.865464e+02 
14114.333  2.869430e+02 
14134.282  2.871040e+02 
14154.289  2.871330e+02 
14174.352  2.877929e+02 
14194.472  2.872653e+02 
14214.648  2.877697e+02 
14234.883  2.872340e+02 
14255.175  2.875247e+02 
14275.524  2.876134e+02 
14295.933  2.874244e+02 
14316.399  2.878944e+02 
14336.925  2.877156e+02 
14357.509  2.879416e+02 
14378.152  2.878888e+02 
14398.855  2.877259e+02 
14419.618  2.879569e+02 
14440.440  2.878762e+02 
14461.323  2.879081e+02 
14482.267  2.880971e+02 
14503.271  2.879077e+02 
14524.336  2.880620e+02 
14545.462  2.881400e+02 
14566.650  2.879086e+02 
14587.899  2.881191e+02 
14609.212  2.878821e+02 
14630.586  2.880639e+02 
14652.022  2.881409e+02 
14673.522  2.879984e+02 
14695.085  2.880686e+02 
14716.712  2.881149e+02 
14738.401  2.880594e+02 
14760.155  2.881424e+02 
14781.974  2.880679e+02 
14803.857  2.880181e+02 
14825.805  2.881436e+02 
14847.818  2.880698e+02 
14869.896  2.880955e+02 
14892.041  2.881281e+02 
14914.251  2.880983e+02 
14936.528  2.881785e+02 
14958.871  2.881979e+02 
14981.282  2.881970e+02 
15003.760  2.881339e+02 
15026.305  2.880603e+02 
15048.917  2.881175e+02 
15071.599  2.879563e+02 
15094.349  2.880967e+02 
15117.167  2.879962e+02 
15140.054  2.879854e+02 
15163.011  2.881497e+02 
15186.038  2.880201e+02 
15209.134  2.880364e+02 
15232.302  2.881315e+02 
15255.539  2.880799e+02 
15278.848  2.879400e+02 
15302.228  2.881118e+02 
15325.680  2.878839e+02 
15349.203  2.880202e+02 
15372.799  2.881367e+02 
15396.468  2.879795e+02 
15420.210  2.880211e+02 
15444.024  2.880962e+02 
15467.913  2.877485e+02 
15491.876  2.879134e+02 
15515.913  2.880524e+02 
15540.025  2.876334e+02 
15564.212  2.879669e+02 
15588.474  2.879674e+02 
15612.812  2.877818e+02 
15637.227  2.878292e+02 
15661.717  2.878283e+02 
15686.284  2.877236e+02 
15710.929  2.877501e+02 
15735.651  2.878631e+02 
15760.451  2.870754e+02 
15785.329  2.878854e+02 
15810.286  2.876721e+02 
15835.322  2.871501e+02 
15860.438  2.872503e+02 
15885.634  2.873146e+02 
15910.909  2.866908e+02 
15936.265  2.866743e+02 
15961.702  2.871770e+02 
15987.221  2.877966e+02 
16012.820  2.870114e+02 
16038.503  2.842362e+02 
16064.268  2.857779e+02 
16090.115  2.836205e+02 
16116.046  2.873146e+02 
16142.061  2.850759e+02 
16168.159  2.866962e+02 
16194.343  2.881057e+02 
16220.610  2.878853e+02 
16246.965  2.872260e+02 
16273.403  2.856927e+02 
16299.930  2.859001e+02 
16326.541  2.856495e+02 
16353.240  2.824883e+02 
16380.027  2.832231e+02 
16406.902  2.837961e+02 
16433.865  2.799406e+02 
16460.916  2.836342e+02 
16488.057  2.831913e+02 
16515.287  2.805062e+02 
16542.609  2.872373e+02 
16570.020  2.829216e+02 
16597.521  2.817793e+02 
16625.115  2.854765e+02 
16652.801  2.872477e+02 
16680.578  2.864057e+02 
16708.449  2.848035e+02 
16736.414  2.849165e+02 
16764.471  2.850153e+02 
16792.623  2.856524e+02 
16820.869  2.866521e+02 
16849.211  2.855341e+02 
16877.648  2.872413e+02 
16906.184  2.879924e+02 
16934.812  2.863718e+02 
16963.541  2.828253e+02 
16992.365  2.780233e+02 
17021.289  2.785823e+02 
17050.311  2.782891e+02 
17079.432  2.851232e+02 
17108.652  2.873638e+02 
17137.973  2.786948e+02 
17167.395  2.820996e+02 
17196.918  2.862379e+02 
17226.541  2.878557e+02 
17256.268  2.825651e+02 
17286.098  2.803622e+02 
17316.031  2.844738e+02 
17346.066  2.877622e+02 
17376.207  2.872799e+02 
17406.453  2.833498e+02 
17436.805  2.777293e+02 
17467.262  2.769284e+02 
17497.826  2.859398e+02 
17528.498  2.850074e+02 
17559.275  2.878182e+02 
17590.164  2.869279e+02 
17621.158  2.877570e+02 
17652.264  2.862996e+02 
17683.480  2.780607e+02 
17714.807  2.824664e+02 
17746.242  2.863579e+02 
17777.791  2.802052e+02 
17809.453  2.694669e+02 
17841.227  2.751267e+02 
17873.115  2.692054e+02 
17905.117  2.702391e+02 
17937.234  2.825754e+02 
17969.467  2.735951e+02 
18001.814  2.810651e+02 
18034.279  2.871221e+02 
18066.861  2.783045e+02 
18099.562  2.798451e+02 
18132.381  2.774468e+02 
18165.318  2.868549e+02 
18198.377  2.864746e+02 
18231.557  2.856148e+02 
18264.855  2.874887e+02 
18298.277  2.877397e+02 
18331.820  2.878596e+02 
18365.488  2.861144e+02 
18399.279  2.806394e+02 
18433.195  2.785764e+02 
18467.236  2.849029e+02 
18501.404  2.833451e+02 
18535.697  2.803758e+02 
18570.117  2.777504e+02 
18604.668  2.826036e+02 
18639.346  2.876242e+02 
18674.152  2.857355e+02 
18709.090  2.829633e+02 
18744.158  2.804026e+02 
18779.359  2.788158e+02 
18814.691  2.758107e+02 
18850.158  2.770128e+02 
18885.758  2.809649e+02 
18921.492  2.845979e+02 
18957.363  2.860506e+02 
18993.369  2.878260e+02 
19029.514  2.878914e+02 
19065.795  2.867003e+02 
19102.215  2.847438e+02 
19138.773  2.835828e+02 
19175.473  2.850031e+02 
19212.314  2.871172e+02 
19249.297  2.880608e+02 
19286.422  2.877355e+02 
19323.689  2.881001e+02 
19361.102  2.880027e+02 
19398.660  2.872111e+02 
19436.365  2.871715e+02 
19474.215  2.836009e+02 
19512.213  2.845864e+02 
19550.361  2.864111e+02 
19588.658  2.875378e+02 
19627.104  2.851062e+02 
19665.703  2.864493e+02 
19704.453  2.878270e+02 
19743.355  2.879232e+02 
19782.412  2.869189e+02 
19821.625  2.876796e+02 
19860.992  2.874834e+02 
19900.518  2.881149e+02 
19940.199  2.878744e+02 
19980.039  2.871630e+02 
20020.041  2.860970e+02 
20060.201  2.839782e+02 
20100.523  2.826786e+02 
20141.008  2.825175e+02 
20181.654  2.826113e+02 
20222.467  2.856986e+02 
20263.445  2.859796e+02 
20304.590  2.877401e+02 
20345.900  2.877751e+02 
20387.381  2.856732e+02 
20429.031  2.864531e+02 
20470.850  2.841167e+02 
20512.842  2.850139e+02 
20555.006  2.871613e+02 
20597.344  2.871608e+02 
20639.857  2.879270e+02 
20682.545  2.879326e+02 
20725.410  2.869609e+02 
20768.455  2.872380e+02 
20811.678  2.862292e+02 
20855.080  2.846111e+02 
20898.664  2.850517e+02 
20942.432  2.851911e+02 
20986.383  2.873578e+02 
21030.518  2.864534e+02 
21074.840  2.871687e+02 
21119.348  2.879707e+02 
21164.045  2.881801e+02 
21208.932  2.879370e+02 
21254.010  2.876086e+02 
21299.279  2.872623e+02 
21344.742  2.878790e+02 
21390.398  2.876678e+02 
21436.252  2.870287e+02 
21482.303  2.863315e+02 
21528.551  2.858502e+02 
21574.998  2.867598e+02 
21621.646  2.867448e+02 
21668.498  2.879052e+02 
21715.553  2.874624e+02 
21762.811  2.877113e+02 
21810.277  2.881014e+02 
21857.949  2.881756e+02 
21905.832  2.880110e+02 
21953.924  2.877050e+02 
22002.227  2.873463e+02 
22050.744  2.878617e+02 
22099.475  2.879644e+02 
22148.422  2.875402e+02 
22197.586  2.870380e+02 
22246.969  2.867744e+02 
22296.572  2.865235e+02 
22346.396  2.876749e+02 
22396.445  2.880347e+02 
22446.717  2.870633e+02 
22497.217  2.875679e+02 
22547.943  2.880735e+02 
22598.898  2.880220e+02 
22650.086  2.880161e+02 
22701.504  2.872457e+02 
22753.158  2.867930e+02 
22805.047  2.866944e+02 
22857.172  2.869178e+02 
22909.537  2.879927e+02 
22962.143  2.875095e+02 
23014.990  2.877267e+02 
23068.082  2.867018e+02 
23121.418  2.869965e+02 
23175.002  2.879241e+02 
23228.836  2.876168e+02 
23282.918  2.869944e+02 
23337.254  2.873768e+02 
23391.846  2.871432e+02 
23446.691  2.878533e+02 
23501.795  2.880801e+02 
23557.158  2.878059e+02 
23612.783  2.880195e+02 
23668.672  2.880671e+02 
23724.826  2.879500e+02 
23781.246  2.881546e+02 
23837.936  2.881882e+02 
23894.896  2.881888e+02 
23952.131  2.881454e+02 
24009.639  2.879301e+02 
24067.424  2.877287e+02 
24125.488  2.877198e+02 
24183.832  2.872367e+02 
24242.459  2.870836e+02 
24301.373  2.869872e+02 
24360.572  2.869328e+02 
24420.061  2.870580e+02 
24479.842  2.869254e+02 
24539.914  2.870115e+02 
24600.283  2.870736e+02 
24660.949  2.876088e+02 
24721.916  2.872564e+02 
24783.186  2.873545e+02 
24844.760  2.875444e+02 
24906.639  2.878415e+02 
24968.828  2.881587e+02 
25031.328  2.881470e+02 
25094.143  2.881677e+02 
25157.273  2.881915e+02 
25220.721  2.881813e+02 
25284.490  2.880764e+02 
25348.584  2.881640e+02 
25413.002  2.880809e+02 
25477.748  2.877522e+02 
25542.826  2.875823e+02 
25608.236  2.874671e+02 
25673.982  2.876479e+02 
25740.068  2.875108e+02 
25806.494  2.876579e+02 
25873.264  2.879418e+02 
25940.381  2.881685e+02 
26007.846  2.881625e+02 
26075.664  2.881020e+02 
26143.836  2.878044e+02 
26212.365  2.877079e+02 
26281.254  2.877669e+02 
26350.508  2.877324e+02 
26420.125  2.880381e+02 
26490.113  2.880259e+02 
26560.473  2.881776e+02 
26631.205  2.881856e+02 
26702.316  2.881907e+02 
26773.811  2.881254e+02 
26845.686  2.879943e+02 
26917.949  2.879644e+02 
26990.602  2.881402e+02 
27063.648  2.881740e+02 
27137.092  2.879583e+02 
27210.936  2.878124e+02 
27285.180  2.876497e+02 
27359.832  2.876208e+02 
27434.895  2.876457e+02 
27510.369  2.877231e+02 
27586.260  2.879936e+02 
27662.570  2.878906e+02 
27739.305  2.879052e+02 
27816.465  2.880546e+02 
27894.057  2.881826e+02 
27972.082  2.881867e+02 
28050.547  2.881552e+02 
28129.451  2.881561e+02 
28208.801  2.881972e+02 
28288.600  2.881754e+02 
28368.852  2.881819e+02 
28449.561  2.881917e+02 
28530.729  2.881805e+02 
28612.361  2.881894e+02 
28694.463  2.881325e+02 
28777.037  2.880616e+02 
28860.090  2.880063e+02 
28943.621  2.880535e+02 
29027.637  2.880068e+02 
29112.143  2.881606e+02 
29197.143  2.881199e+02 
29282.639  2.881225e+02 
29368.639  2.881836e+02 
29455.145  2.880835e+02 
29542.162  2.880262e+02 
29629.695  2.880407e+02 
29717.748  2.881176e+02 
29806.326  2.881891e+02 
29895.434  2.881805e+02 
29985.074  2.881029e+02 
30075.256  2.880457e+02 
30165.980  2.880637e+02 
30257.256  2.880930e+02 
30349.084  2.881436e+02 
30441.471  2.881894e+02 
30534.422  2.881980e+02 
30627.943  2.881771e+02 
30722.039  2.881649e+02 
30816.715  2.881890e+02 
30911.975  2.881962e+02 
31007.826  2.881614e+02 
31104.273  2.881175e+02 
31201.324  2.881063e+02 
31298.980  2.880092e+02 
31397.252  2.879871e+02 
31496.141  2.880083e+02 
31595.656  2.880813e+02 
31695.801  2.881775e+02 
31796.582  2.881722e+02 
31898.008  2.880901e+02 
32000.082  2.880358e+02 
32102.811  2.881288e+02 
32206.203  2.880132e+02 
32310.262  2.881174e+02 
32414.996  2.880764e+02 
32520.412  2.880798e+02 
32626.514  2.881351e+02 
32733.312  2.881572e+02 
32840.812  2.881873e+02 
32949.020  2.881977e+02 
33057.941  2.881982e+02 
33167.586  2.881895e+02 
33277.961  2.881681e+02 
33389.074  2.881587e+02 
33500.930  2.881815e+02 
33613.539  2.881178e+02 
33726.910  2.880672e+02 
33841.043  2.881025e+02 
33955.957  2.880620e+02 
34071.648  2.880667e+02 
34188.133  2.880990e+02 
34305.418  2.881511e+02 
34423.512  2.881935e+02 
34542.418  2.881979e+02 
34662.148  2.881815e+02 
34782.715  2.881431e+02 
34904.121  2.881405e+02 
35026.379  2.881544e+02 
35149.492  2.881707e+02 
35273.477  2.881805e+02 
35398.340  2.881980e+02 
35524.090  2.881945e+02 
35650.738  2.881971e+02 
35778.289  2.881930e+02 
35906.758  2.881994e+02 
36036.152  2.881945e+02 
36166.484  2.881916e+02 
36297.762  2.881855e+02 
36429.992  2.881459e+02 
36563.195  2.881215e+02 
36697.371  2.881263e+02 
36832.539  2.881480e+02 
36968.703  2.880764e+02 
37105.879  2.880815e+02 
37244.078  2.881033e+02 
37383.309  2.881757e+02 
37523.586  2.881939e+02 
37664.918  2.881806e+02 
37807.320  2.881316e+02 
37950.801  2.881341e+02 
38095.375  2.881323e+02 
38241.059  2.880948e+02 
38387.855  2.881049e+02 
38535.789  2.881251e+02 
38684.863  2.881352e+02 
38835.098  2.881660e+02 
38986.504  2.881792e+02 
39139.094  2.881903e+02 
39292.883  2.881982e+02 
39447.887  2.881991e+02 
39604.117  2.881923e+02 
39761.590  2.881848e+02 
39920.320  2.881806e+02 
40080.320  2.881935e+02 
40241.613  2.881968e+02 
40404.207  2.881985e+02 
40568.117  2.881915e+02 
40733.367  2.881989e+02 
40899.965  2.881943e+02 
41067.934  2.881748e+02 
41237.289  2.881427e+02 
41408.047  2.881272e+02 
41580.223  2.881155e+02 
41753.836  2.881093e+02 
41928.906  2.881074e+02 
42105.449  2.881177e+02 
42283.488  2.881134e+02 
42463.035  2.881577e+02 
42644.117  2.881387e+02 
42826.750  2.881853e+02 
43010.953  2.881791e+02 
43196.746  2.881895e+02 
43384.152  2.881927e+02 
43573.191  2.881885e+02 
43763.887  2.881974e+02 
43956.258  2.881994e+02 
44150.324  2.881990e+02 
44346.117  2.881937e+02 
44543.652  2.881889e+02 
44742.953  2.881963e+02 
44944.047  2.881932e+02 
45146.957  2.881986e+02 
45351.707  2.881844e+02 
45558.324  2.881654e+02 
45766.828  2.881537e+02 
45977.254  2.881572e+02 
46189.621  2.881741e+02 
46403.961  2.881810e+02 
46620.301  2.881962e+02 
46838.664  2.881932e+02 
47059.086  2.881941e+02 
47281.590  2.881803e+02 
47506.207  2.881891e+02 
47732.969  2.881946e+02 
47961.906  2.881995e+02 
48193.051  2.881966e+02 
48426.434  2.881884e+02 
48662.090  2.881880e+02 
48900.047  2.881937e+02 
49140.348  2.881985e+02 
49383.016  2.881998e+02 
49628.098  2.881967e+02 
49875.621  2.881928e+02 
50125.629  2.881838e+02 
50378.152  2.881854e+02 
50633.234  2.881936e+02 
50890.914  2.881798e+02 
51151.230  2.881924e+02 
51414.223  2.881964e+02 
51679.930  2.881953e+02 
51948.402  2.881800e+02 
52219.676  2.881605e+02 
52493.801  2.881639e+02 
52770.816  2.881804e+02 
53050.770  2.881975e+02 
53333.711  2.881924e+02 
53619.688  2.881783e+02 
53908.746  2.881739e+02 
54200.941  2.881656e+02 
54496.316  2.881884e+02 
54794.934  2.881832e+02 
55096.836  2.881975e+02 
55402.086  2.881869e+02 
55710.738  2.881887e+02 
56022.848  2.881963e+02 
56338.477  2.881990e+02 
56657.680  2.881963e+02 
56980.520  2.881942e+02 
57307.062  2.881900e+02 
57637.367  2.881985e+02 
57971.500  2.881935e+02 
58309.535  2.881957e+02 
58651.531  2.881996e+02 
58997.562  2.881957e+02 
59347.703  2.881928e+02 
59702.023  2.881878e+02 
60060.602  2.881983e+02 
60423.512  2.881824e+02 
60790.836  2.881677e+02 
61162.652  2.881660e+02 
61539.043  2.881757e+02 
61920.098  2.881797e+02 
62305.902  2.881866e+02 
62696.539  2.881846e+02 
63092.109  2.881976e+02 
63492.703  2.881990e+02 
63898.414  2.881953e+02 
64309.348  2.881918e+02 
64725.598  2.881935e+02 
65147.270  2.881993e+02 
65574.477  2.881973e+02 
66007.320  2.881990e+02 
66445.914  2.881997e+02 
66890.383  2.881991e+02 
67340.828  2.881979e+02 
67797.391  2.881903e+02 
68260.180  2.881817e+02 
68729.336  2.881787e+02 
69204.984  2.881746e+02 
69687.258  2.881748e+02 
70176.305  2.881822e+02 
70672.258  2.881961e+02 
71175.281  2.881988e+02 
71685.508  2.881994e+02 
72203.109  2.881982e+02 
72728.234  2.881896e+02 
73261.055  2.881807e+02 
73801.742  2.881914e+02 
74350.469  2.881885e+02 
74907.414  2.881972e+02 
75472.773  2.881994e+02 
76046.727  2.881975e+02 
76629.477  2.881932e+02 
77221.227  2.881863e+02 
77822.188  2.881970e+02 
78432.578  2.881985e+02 
79052.617  2.881989e+02 
79682.539  2.881915e+02 
80322.578  2.881930e+02 
80972.984  2.881897e+02 
81634.016  2.881983e+02 
82305.922  2.881989e+02 
82988.984  2.881988e+02 
83683.477  2.881948e+02 
84389.688  2.881917e+02 
85107.922  2.881926e+02 
85838.492  2.881909e+02 
86581.711  2.881684e+02 
87337.906  2.881639e+02 
88107.438  2.881684e+02 
88890.648  2.881821e+02 
89687.898  2.881974e+02 
90499.594  2.881942e+02 
91326.102  2.881791e+02 
92167.859  2.881842e+02 
93025.266  2.881975e+02 
93898.781  2.881949e+02 
94788.859  2.881989e+02 
95695.969  2.881991e+02 
96620.609  2.881921e+02 
97563.297  2.881909e+02 
98524.555  2.881985e+02 
99504.953  2.881996e+02 
