 2504.705  2.838505e+02 
 2514.151  2.864182e+02 
 2523.668  2.866878e+02 
 2533.258  2.877068e+02 
 2542.921  2.877233e+02 
 2552.658  2.878301e+02 
 2562.469  2.880238e+02 
 2572.357  2.881179e+02 
 2582.321  2.881200e+02 
 2592.362  2.881575e+02 
 2602.482  2.881451e+02 
 2612.681  2.881515e+02 
 2622.961  2.881325e+02 
 2633.322  2.880957e+02 
 2643.764  2.880412e+02 
 2654.291  2.880944e+02 
 2664.901  2.881790e+02 
 2675.596  2.881876e+02 
 2686.378  2.881619e+02 
 2697.246  2.881501e+02 
 2708.203  2.881194e+02 
 2719.250  2.881482e+02 
 2730.387  2.880541e+02 
 2741.615  2.881276e+02 
 2752.937  2.881317e+02 
 2764.352  2.881485e+02 
 2775.862  2.881369e+02 
 2787.469  2.881121e+02 
 2799.173  2.879948e+02 
 2810.975  2.879172e+02 
 2822.878  2.877382e+02 
 2834.882  2.876619e+02 
 2846.988  2.872554e+02 
 2859.198  2.870290e+02 
 2871.514  2.864765e+02 
 2883.936  2.860247e+02 
 2896.466  2.842712e+02 
 2909.105  2.849614e+02 
 2921.855  2.837684e+02 
 2934.717  2.807329e+02 
 2947.693  2.830897e+02 
 2960.784  2.803152e+02 
 2973.992  2.861076e+02 
 2987.319  2.778579e+02 
 3000.765  2.807952e+02 
 3014.333  2.811898e+02 
 3028.025  2.800972e+02 
 3041.841  2.831816e+02 
 3055.784  2.837612e+02 
 3069.855  2.824543e+02 
 3084.057  2.829011e+02 
 3098.390  2.835473e+02 
 3112.857  2.829556e+02 
 3127.460  2.787820e+02 
 3142.201  2.799591e+02 
 3157.082  2.739708e+02 
 3172.104  2.677650e+02 
 3187.269  2.773983e+02 
 3202.581  2.853023e+02 
 3218.040  2.854574e+02 
 3233.649  2.813649e+02 
 3249.410  2.794081e+02 
 3265.326  2.836425e+02 
 3281.398  2.724547e+02 
 3297.629  2.819265e+02 
 3314.022  2.833301e+02 
 3330.579  2.741934e+02 
 3347.302  2.777194e+02 
 3364.193  2.766888e+02 
 3381.256  2.688455e+02 
 3398.493  2.668308e+02 
 3415.906  2.636450e+02 
 3433.499  2.602694e+02 
 3451.274  2.560379e+02 
 3469.234  2.500804e+02 
 3487.382  2.473779e+02 
 3505.721  2.443246e+02 
 3524.254  2.466693e+02 
 3542.983  2.543277e+02 
 3561.913  2.534726e+02 
 3581.046  2.543780e+02 
 3600.386  2.502816e+02 
 3619.936  2.468125e+02 
 3639.699  2.420527e+02 
 3659.680  2.434466e+02 
 3679.881  2.592726e+02 
 3700.306  2.385439e+02 
 3720.959  2.427694e+02 
 3741.844  2.449029e+02 
 3762.965  2.477960e+02 
 3784.326  2.489533e+02 
 3805.930  2.427874e+02 
 3827.783  2.407471e+02 
 3849.888  2.398381e+02 
 3872.250  2.476123e+02 
 3894.873  2.435485e+02 
 3917.761  2.461617e+02 
 3940.921  2.411621e+02 
 3964.356  2.368986e+02 
 3988.072  2.392410e+02 
 4012.073  2.445724e+02 
 4036.364  2.502824e+02 
 4060.951  2.531053e+02 
 4085.840  2.573438e+02 
 4111.036  2.593798e+02 
 4136.544  2.621912e+02 
 4162.372  2.681875e+02 
 4188.523  2.851987e+02 
 4215.005  2.881847e+02 
 4241.825  2.881941e+02 
 4268.987  2.881918e+02 
 4296.500  2.881831e+02 
 4324.370  2.881781e+02 
 4352.604  2.880000e+02 
 4381.208  2.876345e+02 
 4410.191  2.872956e+02 
 4439.561  2.863953e+02 
 4469.324  2.849517e+02 
 4499.489  2.797941e+02 
 4530.063  2.805727e+02 
 4561.057  2.751087e+02 
 4592.477  2.630398e+02 
 4624.333  2.569454e+02 
 4656.634  2.556174e+02 
 4689.390  2.600957e+02 
 4722.609  2.615372e+02 
 4756.303  2.603764e+02 
 4790.481  2.649789e+02 
 4825.154  2.725860e+02 
 4860.332  2.688682e+02 
 4896.027  2.729766e+02 
 4932.250  2.666489e+02 
 4969.013  2.771893e+02 
 5006.329  2.766682e+02 
 5044.208  2.733719e+02 
 5082.666  2.789227e+02 
 5121.714  2.813806e+02 
 5161.368  2.829498e+02 
 5201.640  2.856760e+02 
 5242.545  2.859437e+02 
 5284.099  2.865105e+02 
 5326.317  2.855220e+02 
 5369.214  2.871854e+02 
 5412.809  2.874504e+02 
 5457.117  2.878318e+02 
 5502.157  2.875160e+02 
 5547.946  2.878894e+02 
 5594.504  2.880115e+02 
 5641.850  2.880587e+02 
 5690.004  2.880722e+02 
 5738.987  2.881453e+02 
 5788.821  2.880833e+02 
 5839.528  2.881431e+02 
 5891.131  2.881628e+02 
 5943.654  2.881626e+02 
 5997.123  2.881388e+02 
 6051.562  2.881599e+02 
 6106.999  2.881092e+02 
 6163.460  2.881373e+02 
 6220.975  2.880226e+02 
 6279.574  2.879079e+02 
 6339.288  2.880594e+02 
 6400.147  2.881617e+02 
 6462.188  2.881618e+02 
 6525.442  2.881636e+02 
 6589.947  2.881696e+02 
 6655.740  2.881691e+02 
 6722.860  2.880719e+02 
 6791.348  2.880777e+02 
 6861.245  2.880926e+02 
 6932.596  2.879479e+02 
 7005.447  2.879972e+02 
 7079.846  2.877999e+02 
 7155.841  2.879648e+02 
 7233.486  2.875562e+02 
 7312.834  2.877408e+02 
 7393.943  2.860063e+02 
 7476.871  2.858810e+02 
 7561.680  2.849419e+02 
 7648.435  2.840796e+02 
 7737.205  2.807073e+02 
 7828.059  2.794809e+02 
 7921.072  2.792326e+02 
 8016.322  2.654161e+02 
 8113.891  2.471856e+02 
 8213.864  2.590002e+02 
 8316.332  2.336872e+02 
 8421.389  2.346715e+02 
 8529.134  2.420881e+02 
 8639.672  2.220258e+02 
 8753.112  2.326989e+02 
 8869.572  2.162084e+02 
 8989.173  2.181706e+02 
 9112.043  2.193528e+02 
 9238.318  2.112631e+02 
 9368.144  2.289214e+02 
 9501.670  2.450429e+02 
 9639.058  2.359063e+02 
 9780.478  2.334360e+02 
 9926.108  2.215335e+02 
10076.143  2.038025e+02 
10230.781  2.120699e+02 
10390.241  2.034761e+02 
10554.751  2.102926e+02 
10724.555  2.019544e+02 
10899.911  2.075077e+02 
11081.098  2.073968e+02 
11268.410  2.129839e+02 
11462.165  2.117464e+02 
11662.700  2.190257e+02 
11870.377  2.142991e+02 
12085.585  2.118682e+02 
12308.741  2.216953e+02 
12540.294  2.457015e+02 
12780.727  2.357513e+02 
13030.561  2.325258e+02 
13290.356  2.612534e+02 
13560.725  2.815790e+02 
13842.322  2.832371e+02 
14135.864  2.869864e+02 
14442.127  2.879721e+02 
14761.957  2.880243e+02 
15096.274  2.881260e+02 
15446.088  2.878541e+02 
15812.500  2.872317e+02 
16196.722  2.858766e+02 
16600.082  2.844399e+02 
17024.051  2.838285e+02 
17470.248  2.855691e+02 
17940.467  2.794026e+02 
18436.703  2.844731e+02 
18961.180  2.839254e+02 
19516.375  2.866768e+02 
20105.072  2.863445e+02 
20730.396  2.865924e+02 
21395.881  2.873299e+02 
22105.520  2.875274e+02 
22863.861  2.873083e+02 
23676.100  2.878519e+02 
24548.193  2.874333e+02 
25487.014  2.879680e+02 
26500.527  2.880226e+02 
27598.021  2.879472e+02 
28790.389  2.881497e+02 
30090.498  2.881388e+02 
31513.648  2.881108e+02 
33078.184  2.881525e+02 
34806.297  2.881561e+02 
36725.066  2.881595e+02 
38867.926  2.881565e+02 
41276.598  2.881646e+02 
44003.867  2.881886e+02 
47117.516  2.881835e+02 
50706.035  2.881907e+02 
54887.219  2.881877e+02 
59821.430  2.881880e+02 
65732.758  2.881950e+02 
72944.297  2.881932e+02 
81939.797  2.881936e+02 
93478.258  2.881890e+02 
