 2999.000  2.800667e+02 
 3003.000  2.800414e+02 
 3008.000  2.809874e+02 
 3012.000  2.809819e+02 
 3017.000  2.817812e+02 
 3021.000  2.818032e+02 
 3026.000  2.822195e+02 
 3030.000  2.822507e+02 
 3035.000  2.834177e+02 
 3040.000  2.838484e+02 
 3044.000  2.838448e+02 
 3049.000  2.841832e+02 
 3053.000  2.841801e+02 
 3058.000  2.838029e+02 
 3063.000  2.830022e+02 
 3067.000  2.830069e+02 
 3072.000  2.827856e+02 
 3077.000  2.833729e+02 
 3082.000  2.836206e+02 
 3086.000  2.836198e+02 
 3091.000  2.839549e+02 
 3096.000  2.843340e+02 
 3101.000  2.842070e+02 
 3106.000  2.837500e+02 
 3110.000  2.837465e+02 
 3115.000  2.828792e+02 
 3120.000  2.814478e+02 
 3125.000  2.806907e+02 
 3130.000  2.796940e+02 
 3135.000  2.800504e+02 
 3140.000  2.799199e+02 
 3145.000  2.787812e+02 
 3150.000  2.771146e+02 
 3155.000  2.743043e+02 
 3160.000  2.714028e+02 
 3165.000  2.709493e+02 
 3170.000  2.717188e+02 
 3175.000  2.739529e+02 
 3180.000  2.767642e+02 
 3185.000  2.798227e+02 
 3190.000  2.825971e+02 
 3195.000  2.847071e+02 
 3200.000  2.854442e+02 
 3205.000  2.854602e+02 
 3210.000  2.857091e+02 
 3215.000  2.856822e+02 
 3221.000  2.847847e+02 
 3226.000  2.840371e+02 
 3231.000  2.840333e+02 
 3236.000  2.827757e+02 
 3241.000  2.819761e+02 
 3247.000  2.814440e+02 
 3252.000  2.814364e+02 
 3257.000  2.818441e+02 
 3263.000  2.818413e+02 
 3268.000  2.808022e+02 
 3273.000  2.807938e+02 
 3279.000  2.784933e+02 
 3284.000  2.784813e+02 
 3289.000  2.785260e+02 
 3295.000  2.806988e+02 
 3300.000  2.806286e+02 
 3306.000  2.822336e+02 
 3311.000  2.821826e+02 
 3317.000  2.814861e+02 
 3322.000  2.814481e+02 
 3328.000  2.783044e+02 
 3333.000  2.781906e+02 
 3339.000  2.772714e+02 
 3344.000  2.771528e+02 
 3350.000  2.769966e+02 
 3356.000  2.761678e+02 
 3361.000  2.761569e+02 
 3367.000  2.750681e+02 
 3373.000  2.721469e+02 
 3378.000  2.720241e+02 
 3384.000  2.703583e+02 
 3390.000  2.683414e+02 
 3396.000  2.679549e+02 
 3401.000  2.678176e+02 
 3407.000  2.675357e+02 
 3413.000  2.643216e+02 
 3419.000  2.630404e+02 
 3425.000  2.617365e+02 
 3431.000  2.616587e+02 
 3436.000  2.615887e+02 
 3442.000  2.616508e+02 
 3448.000  2.611776e+02 
 3454.000  2.607726e+02 
 3460.000  2.600496e+02 
 3466.000  2.595772e+02 
 3472.000  2.596337e+02 
 3478.000  2.595753e+02 
 3484.000  2.594290e+02 
 3490.000  2.591878e+02 
 3497.000  2.583152e+02 
 3503.000  2.583680e+02 
 3509.000  2.588902e+02 
 3515.000  2.599201e+02 
 3521.000  2.599117e+02 
 3527.000  2.610749e+02 
 3534.000  2.636202e+02 
 3540.000  2.638549e+02 
 3546.000  2.638431e+02 
 3552.000  2.640419e+02 
 3559.000  2.635320e+02 
 3565.000  2.635175e+02 
 3571.000  2.641438e+02 
 3578.000  2.639056e+02 
 3584.000  2.638926e+02 
 3591.000  2.622163e+02 
 3597.000  2.622010e+02 
 3604.000  2.601465e+02 
 3610.000  2.601307e+02 
 3617.000  2.579167e+02 
 3623.000  2.579044e+02 
 3630.000  2.561822e+02 
 3636.000  2.561787e+02 
 3643.000  2.558930e+02 
 3650.000  2.572229e+02 
 3656.000  2.572138e+02 
 3663.000  2.597048e+02 
 3670.000  2.636975e+02 
 3676.000  2.636842e+02 
 3683.000  2.623230e+02 
 3690.000  2.600192e+02 
 3697.000  2.551790e+02 
 3704.000  2.549134e+02 
 3711.000  2.550172e+02 
 3717.000  2.550019e+02 
 3724.000  2.551835e+02 
 3731.000  2.559252e+02 
 3738.000  2.562756e+02 
 3745.000  2.564563e+02 
 3752.000  2.570751e+02 
 3759.000  2.572245e+02 
 3766.000  2.572363e+02 
 3774.000  2.566075e+02 
 3781.000  2.563155e+02 
 3788.000  2.558696e+02 
 3795.000  2.558531e+02 
 3802.000  2.549564e+02 
 3810.000  2.539001e+02 
 3817.000  2.529631e+02 
 3824.000  2.529032e+02 
 3831.000  2.529091e+02 
 3839.000  2.533982e+02 
 3846.000  2.533273e+02 
 3854.000  2.553344e+02 
 3861.000  2.552685e+02 
 3868.000  2.559465e+02 
 3876.000  2.563816e+02 
 3883.000  2.563354e+02 
 3891.000  2.556311e+02 
 3899.000  2.542802e+02 
 3906.000  2.541246e+02 
 3914.000  2.533229e+02 
 3922.000  2.525398e+02 
 3929.000  2.523836e+02 
 3937.000  2.512345e+02 
 3945.000  2.477121e+02 
 3953.000  2.480708e+02 
 3960.000  2.479170e+02 
 3968.000  2.475471e+02 
 3976.000  2.476285e+02 
 3984.000  2.480651e+02 
 3992.000  2.482660e+02 
 4000.000  2.494451e+02 
 4008.000  2.506020e+02 
 4016.000  2.515460e+02 
 4024.000  2.525846e+02 
 4032.000  2.539748e+02 
 4040.000  2.550033e+02 
 4049.000  2.571341e+02 
 4057.000  2.579103e+02 
 4065.000  2.578109e+02 
 4073.000  2.589682e+02 
 4082.000  2.614203e+02 
 4090.000  2.623527e+02 
 4098.000  2.622878e+02 
 4107.000  2.642104e+02 
 4115.000  2.641796e+02 
 4124.000  2.663494e+02 
 4132.000  2.663228e+02 
 4141.000  2.689366e+02 
 4149.000  2.689145e+02 
 4158.000  2.703250e+02 
 4167.000  2.760024e+02 
 4175.000  2.759900e+02 
 4184.000  2.851782e+02 
 4193.000  2.880619e+02 
 4202.000  2.881568e+02 
 4211.000  2.881823e+02 
 4219.000  2.881823e+02 
 4228.000  2.881896e+02 
 4237.000  2.881918e+02 
 4246.000  2.881920e+02 
 4255.000  2.881914e+02 
 4264.000  2.881909e+02 
 4274.000  2.881898e+02 
 4283.000  2.881881e+02 
 4292.000  2.881844e+02 
 4301.000  2.881844e+02 
 4310.000  2.881775e+02 
 4320.000  2.881473e+02 
 4329.000  2.881473e+02 
 4338.000  2.881186e+02 
 4348.000  2.880045e+02 
 4357.000  2.880045e+02 
 4367.000  2.877566e+02 
 4376.000  2.877566e+02 
 4386.000  2.874687e+02 
 4396.000  2.873315e+02 
 4405.000  2.873314e+02 
 4415.000  2.871603e+02 
 4425.000  2.863723e+02 
 4435.000  2.856291e+02 
 4444.000  2.856287e+02 
 4454.000  2.847811e+02 
 4464.000  2.840455e+02 
 4474.000  2.833122e+02 
 4484.000  2.823390e+02 
 4494.000  2.811855e+02 
 4505.000  2.802650e+02 
 4515.000  2.799350e+02 
 4525.000  2.792461e+02 
 4535.000  2.792389e+02 
 4545.000  2.776575e+02 
 4556.000  2.719365e+02 
 4566.000  2.719332e+02 
 4577.000  2.640300e+02 
 4587.000  2.640361e+02 
 4598.000  2.574297e+02 
 4608.000  2.574641e+02 
 4619.000  2.554748e+02 
 4630.000  2.562558e+02 
 4640.000  2.562226e+02 
 4651.000  2.573516e+02 
 4662.000  2.578546e+02 
 4673.000  2.567535e+02 
 4684.000  2.553460e+02 
 4695.000  2.554254e+02 
 4706.000  2.551517e+02 
 4717.000  2.561307e+02 
 4728.000  2.560963e+02 
 4739.000  2.567222e+02 
 4751.000  2.590255e+02 
 4762.000  2.608052e+02 
 4773.000  2.607664e+02 
 4785.000  2.637812e+02 
 4796.000  2.637450e+02 
 4808.000  2.676172e+02 
 4819.000  2.675857e+02 
 4831.000  2.692839e+02 
 4843.000  2.686199e+02 
 4854.000  2.688344e+02 
 4866.000  2.682744e+02 
 4878.000  2.685638e+02 
 4890.000  2.703906e+02 
 4902.000  2.719763e+02 
 4914.000  2.719440e+02 
 4926.000  2.734906e+02 
 4938.000  2.755833e+02 
 4950.000  2.772046e+02 
 4963.000  2.780769e+02 
 4975.000  2.783283e+02 
 4988.000  2.796710e+02 
 5000.000  2.798603e+02 
 5013.000  2.809393e+02 
 5025.000  2.811755e+02 
 5038.000  2.797013e+02 
 5051.000  2.805175e+02 
 5063.000  2.804983e+02 
 5076.000  2.816858e+02 
 5089.000  2.829565e+02 
 5102.000  2.840026e+02 
 5115.000  2.849449e+02 
 5128.000  2.854053e+02 
 5141.000  2.857320e+02 
 5155.000  2.857538e+02 
 5168.000  2.859249e+02 
 5181.000  2.859945e+02 
 5195.000  2.869787e+02 
 5208.000  2.870081e+02 
 5222.000  2.871693e+02 
 5236.000  2.871124e+02 
 5249.000  2.871113e+02 
 5263.000  2.870403e+02 
 5277.000  2.871174e+02 
 5291.000  2.871289e+02 
 5305.000  2.871393e+02 
 5319.000  2.871773e+02 
 5333.000  2.872935e+02 
 5348.000  2.874863e+02 
 5362.000  2.875190e+02 
 5376.000  2.875372e+02 
 5391.000  2.876709e+02 
 5405.000  2.876862e+02 
 5420.000  2.878293e+02 
 5435.000  2.879674e+02 
 5450.000  2.879540e+02 
 5464.000  2.879569e+02 
 5479.000  2.879105e+02 
 5495.000  2.878578e+02 
 5510.000  2.879077e+02 
 5525.000  2.879803e+02 
 5540.000  2.879801e+02 
 5556.000  2.880846e+02 
 5571.000  2.880846e+02 
 5587.000  2.881005e+02 
 5602.000  2.881004e+02 
 5618.000  2.881205e+02 
 5634.000  2.881260e+02 
 5650.000  2.881299e+02 
 5666.000  2.881342e+02 
 5682.000  2.881419e+02 
 5698.000  2.881419e+02 
 5714.000  2.881560e+02 
 5731.000  2.881662e+02 
 5747.000  2.881664e+02 
 5764.000  2.881532e+02 
 5780.000  2.881538e+02 
 5797.000  2.881471e+02 
 5814.000  2.881624e+02 
 5831.000  2.881708e+02 
 5848.000  2.881794e+02 
 5865.000  2.881794e+02 
 5882.000  2.881828e+02 
 5900.000  2.881829e+02 
 5917.000  2.881830e+02 
 5935.000  2.881808e+02 
 5952.000  2.881809e+02 
 5970.000  2.881784e+02 
 5988.000  2.881763e+02 
 6006.000  2.881736e+02 
 6024.000  2.881736e+02 
 6042.000  2.881757e+02 
 6061.000  2.881765e+02 
 6079.000  2.881765e+02 
 6098.000  2.881686e+02 
 6116.000  2.881686e+02 
 6135.000  2.881630e+02 
 6154.000  2.881560e+02 
 6173.000  2.881346e+02 
 6192.000  2.881035e+02 
 6211.000  2.881014e+02 
 6231.000  2.880229e+02 
 6250.000  2.880237e+02 
 6270.000  2.880113e+02 
 6289.000  2.880167e+02 
 6309.000  2.880397e+02 
 6329.000  2.880852e+02 
 6349.000  2.881317e+02 
 6369.000  2.881620e+02 
 6390.000  2.881790e+02 
 6410.000  2.881792e+02 
 6431.000  2.881788e+02 
 6452.000  2.881798e+02 
 6472.000  2.881798e+02 
 6494.000  2.881824e+02 
 6515.000  2.881830e+02 
 6536.000  2.881838e+02 
 6557.000  2.881837e+02 
 6579.000  2.881828e+02 
 6601.000  2.881820e+02 
 6623.000  2.881797e+02 
 6645.000  2.881744e+02 
 6667.000  2.881639e+02 
 6689.000  2.881528e+02 
 6711.000  2.881522e+02 
 6734.000  2.881379e+02 
 6757.000  2.881345e+02 
 6780.000  2.881409e+02 
 6803.000  2.881445e+02 
 6826.000  2.881402e+02 
 6849.000  2.881394e+02 
 6873.000  2.880922e+02 
 6897.000  2.880643e+02 
 6920.000  2.880641e+02 
 6944.000  2.880521e+02 
 6969.000  2.880707e+02 
 6993.000  2.880678e+02 
 7018.000  2.880469e+02 
 7042.000  2.880426e+02 
 7067.000  2.880015e+02 
 7092.000  2.879755e+02 
 7117.000  2.879775e+02 
 7143.000  2.879707e+02 
 7168.000  2.879705e+02 
 7194.000  2.879414e+02 
 7220.000  2.878828e+02 
 7246.000  2.878262e+02 
 7273.000  2.877635e+02 
 7299.000  2.877490e+02 
 7326.000  2.876615e+02 
 7353.000  2.872938e+02 
 7380.000  2.872922e+02 
 7407.000  2.871139e+02 
 7435.000  2.868847e+02 
 7463.000  2.865623e+02 
 7491.000  2.864621e+02 
 7519.000  2.861765e+02 
 7547.000  2.861714e+02 
 7576.000  2.853072e+02 
 7605.000  2.841015e+02 
 7634.000  2.817499e+02 
 7663.000  2.808216e+02 
 7692.000  2.800879e+02 
 7722.000  2.790640e+02 
 7752.000  2.774814e+02 
 7782.000  2.774422e+02 
 7813.000  2.772039e+02 
 7843.000  2.771674e+02 
 7874.000  2.773665e+02 
 7905.000  2.758983e+02 
 7937.000  2.699013e+02 
 7968.000  2.698372e+02 
 8000.000  2.651367e+02 
 8032.000  2.611678e+02 
 8065.000  2.550937e+02 
 8097.000  2.549713e+02 
 8130.000  2.539258e+02 
 8163.000  2.548578e+02 
 8197.000  2.537879e+02 
 8230.000  2.536654e+02 
 8264.000  2.509027e+02 
 8299.000  2.441532e+02 
 8333.000  2.438106e+02 
 8368.000  2.417470e+02 
 8403.000  2.414248e+02 
 8439.000  2.414497e+02 
 8475.000  2.405977e+02 
 8511.000  2.380179e+02 
 8547.000  2.377001e+02 
 8584.000  2.328294e+02 
 8621.000  2.308047e+02 
 8658.000  2.306013e+02 
 8696.000  2.291370e+02 
 8734.000  2.286496e+02 
 8772.000  2.278677e+02 
 8811.000  2.251614e+02 
 8850.000  2.243297e+02 
 8889.000  2.240893e+02 
 8929.000  2.238106e+02 
 8969.000  2.245189e+02 
 9009.000  2.243092e+02 
 9050.000  2.224187e+02 
 9091.000  2.207717e+02 
 9132.000  2.205268e+02 
 9174.000  2.205273e+02 
 9217.000  2.225816e+02 
 9259.000  2.224399e+02 
 9302.000  2.233963e+02 
 9346.000  2.294580e+02 
 9390.000  2.359763e+02 
 9434.000  2.405727e+02 
 9479.000  2.420181e+02 
 9524.000  2.412508e+02 
 9569.000  2.411569e+02 
 9615.000  2.405889e+02 
 9662.000  2.399466e+02 
 9709.000  2.392411e+02 
 9756.000  2.391428e+02 
 9804.000  2.334920e+02 
 9852.000  2.333776e+02 
 9901.000  2.249915e+02 
 9950.000  2.248225e+02 
10000.000  2.207777e+02 
10050.000  2.177514e+02 
10101.000  2.163326e+02 
10152.000  2.164772e+02 
10204.000  2.174685e+02 
10256.000  2.184162e+02 
10309.000  2.184442e+02 
10363.000  2.173096e+02 
10417.000  2.175331e+02 
10471.000  2.172902e+02 
10526.000  2.173409e+02 
10582.000  2.172441e+02 
10638.000  2.168001e+02 
10695.000  2.162802e+02 
10753.000  2.164428e+02 
10811.000  2.164364e+02 
10870.000  2.168578e+02 
10929.000  2.163997e+02 
10989.000  2.166677e+02 
11050.000  2.161869e+02 
11111.000  2.164619e+02 
11173.000  2.174192e+02 
11236.000  2.199796e+02 
11299.000  2.198320e+02 
11364.000  2.199289e+02 
11429.000  2.196685e+02 
11494.000  2.199478e+02 
11561.000  2.220152e+02 
11628.000  2.249123e+02 
11696.000  2.249389e+02 
11765.000  2.241810e+02 
11834.000  2.239886e+02 
11905.000  2.225040e+02 
11976.000  2.224175e+02 
12048.000  2.226553e+02 
12121.000  2.240479e+02 
12195.000  2.255648e+02 
12270.000  2.335134e+02 
12346.000  2.379863e+02 
12422.000  2.377809e+02 
12500.000  2.409498e+02 
12579.000  2.412303e+02 
12658.000  2.414530e+02 
12739.000  2.408611e+02 
12821.000  2.422771e+02 
12903.000  2.420433e+02 
12987.000  2.452023e+02 
13072.000  2.565850e+02 
13158.000  2.639268e+02 
13245.000  2.638033e+02 
13333.000  2.695877e+02 
13423.000  2.770575e+02 
13514.000  2.795042e+02 
13605.000  2.794720e+02 
13699.000  2.831764e+02 
13793.000  2.831633e+02 
13889.000  2.858344e+02 
13986.000  2.858315e+02 
14085.000  2.871689e+02 
14184.000  2.871683e+02 
14286.000  2.877881e+02 
14388.000  2.877879e+02 
14493.000  2.880197e+02 
14599.000  2.880673e+02 
14706.000  2.880908e+02 
14815.000  2.881017e+02 
14925.000  2.881017e+02 
15038.000  2.880785e+02 
15152.000  2.880500e+02 
15267.000  2.880500e+02 
15385.000  2.879058e+02 
15504.000  2.877399e+02 
15625.000  2.877407e+02 
15748.000  2.874711e+02 
15873.000  2.870685e+02 
16000.000  2.865101e+02 
16129.000  2.858281e+02 
16260.000  2.849955e+02 
16393.000  2.840025e+02 
16529.000  2.823624e+02 
16667.000  2.822778e+02 
16807.000  2.820448e+02 
16949.000  2.822211e+02 
17094.000  2.824167e+02 
17241.000  2.829168e+02 
17391.000  2.830086e+02 
17544.000  2.830476e+02 
17699.000  2.829748e+02 
17857.000  2.827999e+02 
18018.000  2.833092e+02 
18182.000  2.842973e+02 
18349.000  2.842035e+02 
18519.000  2.848328e+02 
18692.000  2.850309e+02 
18868.000  2.859231e+02 
19048.000  2.864451e+02 
19231.000  2.868080e+02 
19417.000  2.867957e+02 
19608.000  2.868148e+02 
19802.000  2.866090e+02 
20000.000  2.866961e+02 
20202.000  2.866603e+02 
20408.000  2.867891e+02 
20619.000  2.870962e+02 
20833.000  2.871462e+02 
21053.000  2.874256e+02 
21277.000  2.874964e+02 
21505.000  2.874910e+02 
21739.000  2.875853e+02 
21978.000  2.876357e+02 
22222.000  2.876321e+02 
22472.000  2.876605e+02 
22727.000  2.876841e+02 
22989.000  2.877931e+02 
23256.000  2.878538e+02 
23529.000  2.878509e+02 
23810.000  2.878357e+02 
24096.000  2.878319e+02 
24390.000  2.878210e+02 
24691.000  2.878551e+02 
25000.000  2.879271e+02 
25316.000  2.879810e+02 
25641.000  2.880107e+02 
25974.000  2.880441e+02 
26316.000  2.880597e+02 
26667.000  2.880672e+02 
27027.000  2.880725e+02 
27397.000  2.880858e+02 
27778.000  2.881347e+02 
28169.000  2.881341e+02 
28571.000  2.881449e+02 
28986.000  2.881316e+02 
29412.000  2.881376e+02 
29851.000  2.881381e+02 
30303.000  2.881410e+02 
30769.000  2.881437e+02 
31250.000  2.881410e+02 
31746.000  2.881436e+02 
32258.000  2.881458e+02 
32787.000  2.881567e+02 
33333.000  2.881583e+02 
33898.000  2.881631e+02 
34483.000  2.881742e+02 
35088.000  2.881755e+02 
35714.000  2.881764e+02 
36364.000  2.881693e+02 
37037.000  2.881700e+02 
37736.000  2.881727e+02 
38462.000  2.881789e+02 
39216.000  2.881803e+02 
40000.000  2.881807e+02 
40816.000  2.881806e+02 
41667.000  2.881812e+02 
42553.000  2.881808e+02 
43478.000  2.881842e+02 
44444.000  2.881869e+02 
45455.000  2.881902e+02 
46512.000  2.881907e+02 
47619.000  2.881907e+02 
48780.000  2.881907e+02 
50000.000  2.881901e+02 
51282.000  2.881888e+02 
52632.000  2.881892e+02 
54054.000  2.881890e+02 
55556.000  2.881917e+02 
57143.000  2.881920e+02 
58824.000  2.881922e+02 
60606.000  2.881920e+02 
62500.000  2.881921e+02 
64516.000  2.881929e+02 
66667.000  2.881935e+02 
68966.000  2.881938e+02 
71429.000  2.881940e+02 
74074.000  2.881939e+02 
76923.000  2.881938e+02 
80000.000  2.881936e+02 
83333.000  2.881930e+02 
86957.000  2.881929e+02 
90909.000  2.881929e+02 
95238.000  2.881940e+02 
100000.000  2.881946e+02 
