 2999.000  2.799593e+02 
 3003.000  2.799341e+02 
 3008.000  2.809043e+02 
 3012.000  2.808993e+02 
 3017.000  2.817170e+02 
 3021.000  2.817402e+02 
 3026.000  2.821656e+02 
 3030.000  2.821981e+02 
 3035.000  2.833857e+02 
 3040.000  2.838232e+02 
 3044.000  2.838198e+02 
 3049.000  2.841631e+02 
 3053.000  2.841601e+02 
 3058.000  2.837781e+02 
 3063.000  2.829661e+02 
 3067.000  2.829712e+02 
 3072.000  2.827469e+02 
 3077.000  2.833434e+02 
 3082.000  2.835946e+02 
 3086.000  2.835938e+02 
 3091.000  2.839334e+02 
 3096.000  2.843171e+02 
 3101.000  2.841887e+02 
 3106.000  2.837260e+02 
 3110.000  2.837225e+02 
 3115.000  2.828431e+02 
 3120.000  2.813883e+02 
 3125.000  2.806173e+02 
 3130.000  2.796003e+02 
 3135.000  2.799630e+02 
 3140.000  2.798304e+02 
 3145.000  2.786655e+02 
 3150.000  2.769569e+02 
 3155.000  2.740606e+02 
 3160.000  2.710565e+02 
 3165.000  2.705931e+02 
 3170.000  2.713952e+02 
 3175.000  2.737141e+02 
 3180.000  2.766105e+02 
 3185.000  2.797408e+02 
 3190.000  2.825612e+02 
 3195.000  2.846964e+02 
 3200.000  2.854395e+02 
 3205.000  2.854557e+02 
 3210.000  2.857061e+02 
 3215.000  2.856790e+02 
 3221.000  2.847754e+02 
 3226.000  2.840213e+02 
 3231.000  2.840175e+02 
 3236.000  2.827465e+02 
 3241.000  2.819375e+02 
 3247.000  2.813983e+02 
 3252.000  2.813909e+02 
 3257.000  2.818039e+02 
 3263.000  2.818006e+02 
 3268.000  2.807467e+02 
 3273.000  2.807386e+02 
 3279.000  2.783997e+02 
 3284.000  2.783882e+02 
 3289.000  2.784337e+02 
 3295.000  2.806436e+02 
 3300.000  2.805723e+02 
 3306.000  2.822039e+02 
 3311.000  2.821524e+02 
 3317.000  2.814491e+02 
 3322.000  2.814108e+02 
 3328.000  2.782131e+02 
 3333.000  2.780970e+02 
 3339.000  2.771532e+02 
 3344.000  2.770300e+02 
 3350.000  2.768674e+02 
 3356.000  2.760174e+02 
 3361.000  2.760043e+02 
 3367.000  2.748856e+02 
 3373.000  2.718758e+02 
 3378.000  2.717446e+02 
 3384.000  2.700138e+02 
 3390.000  2.679065e+02 
 3396.000  2.674943e+02 
 3401.000  2.673435e+02 
 3407.000  2.670383e+02 
 3413.000  2.636384e+02 
 3419.000  2.622657e+02 
 3425.000  2.608560e+02 
 3431.000  2.607560e+02 
 3436.000  2.606678e+02 
 3442.000  2.607151e+02 
 3448.000  2.601860e+02 
 3454.000  2.597285e+02 
 3460.000  2.589234e+02 
 3466.000  2.583866e+02 
 3472.000  2.584271e+02 
 3478.000  2.583432e+02 
 3484.000  2.581602e+02 
 3490.000  2.578697e+02 
 3497.000  2.568667e+02 
 3503.000  2.568973e+02 
 3509.000  2.574519e+02 
 3515.000  2.585707e+02 
 3521.000  2.585395e+02 
 3527.000  2.598043e+02 
 3534.000  2.625729e+02 
 3540.000  2.628113e+02 
 3546.000  2.627856e+02 
 3552.000  2.629829e+02 
 3559.000  2.624051e+02 
 3565.000  2.623722e+02 
 3571.000  2.630443e+02 
 3578.000  2.627647e+02 
 3584.000  2.627335e+02 
 3591.000  2.608501e+02 
 3597.000  2.608135e+02 
 3604.000  2.584783e+02 
 3610.000  2.584370e+02 
 3617.000  2.558748e+02 
 3623.000  2.558328e+02 
 3630.000  2.537888e+02 
 3636.000  2.537534e+02 
 3643.000  2.533817e+02 
 3650.000  2.549184e+02 
 3656.000  2.548783e+02 
 3663.000  2.577426e+02 
 3670.000  2.622415e+02 
 3676.000  2.622088e+02 
 3683.000  2.606551e+02 
 3690.000  2.580016e+02 
 3697.000  2.522357e+02 
 3704.000  2.518746e+02 
 3711.000  2.519663e+02 
 3717.000  2.519152e+02 
 3724.000  2.521048e+02 
 3731.000  2.529833e+02 
 3738.000  2.533780e+02 
 3745.000  2.535686e+02 
 3752.000  2.542900e+02 
 3759.000  2.544432e+02 
 3766.000  2.544311e+02 
 3774.000  2.536370e+02 
 3781.000  2.532529e+02 
 3788.000  2.526755e+02 
 3795.000  2.526278e+02 
 3802.000  2.514903e+02 
 3810.000  2.501682e+02 
 3817.000  2.489804e+02 
 3824.000  2.489286e+02 
 3831.000  2.489649e+02 
 3839.000  2.496051e+02 
 3846.000  2.495421e+02 
 3854.000  2.521906e+02 
 3861.000  2.521328e+02 
 3868.000  2.530755e+02 
 3876.000  2.537042e+02 
 3883.000  2.536601e+02 
 3891.000  2.528289e+02 
 3899.000  2.511888e+02 
 3906.000  2.510226e+02 
 3914.000  2.500705e+02 
 3922.000  2.491079e+02 
 3929.000  2.489424e+02 
 3937.000  2.475121e+02 
 3945.000  2.429021e+02 
 3953.000  2.434427e+02 
 3960.000  2.432701e+02 
 3968.000  2.428468e+02 
 3976.000  2.430569e+02 
 3984.000  2.437520e+02 
 3992.000  2.440981e+02 
 4000.000  2.457507e+02 
 4008.000  2.473295e+02 
 4016.000  2.485826e+02 
 4024.000  2.499203e+02 
 4032.000  2.516639e+02 
 4040.000  2.529353e+02 
 4049.000  2.554824e+02 
 4057.000  2.564013e+02 
 4065.000  2.563042e+02 
 4073.000  2.576427e+02 
 4082.000  2.604045e+02 
 4090.000  2.614417e+02 
 4098.000  2.613796e+02 
 4107.000  2.634799e+02 
 4115.000  2.634539e+02 
 4124.000  2.657812e+02 
 4132.000  2.657581e+02 
 4141.000  2.685279e+02 
 4149.000  2.685081e+02 
 4158.000  2.699921e+02 
 4167.000  2.758671e+02 
 4175.000  2.758553e+02 
 4184.000  2.851775e+02 
 4193.000  2.880619e+02 
 4202.000  2.881568e+02 
 4211.000  2.881823e+02 
 4219.000  2.881823e+02 
 4228.000  2.881896e+02 
 4237.000  2.881918e+02 
 4246.000  2.881920e+02 
 4255.000  2.881914e+02 
 4264.000  2.881909e+02 
 4274.000  2.881898e+02 
 4283.000  2.881881e+02 
 4292.000  2.881844e+02 
 4301.000  2.881844e+02 
 4310.000  2.881775e+02 
 4320.000  2.881473e+02 
 4329.000  2.881473e+02 
 4338.000  2.881186e+02 
 4348.000  2.880045e+02 
 4357.000  2.880045e+02 
 4367.000  2.877566e+02 
 4376.000  2.877566e+02 
 4386.000  2.874687e+02 
 4396.000  2.873315e+02 
 4405.000  2.873314e+02 
 4415.000  2.871603e+02 
 4425.000  2.863723e+02 
 4435.000  2.856289e+02 
 4444.000  2.856285e+02 
 4454.000  2.847802e+02 
 4464.000  2.840436e+02 
 4474.000  2.833087e+02 
 4484.000  2.823317e+02 
 4494.000  2.811710e+02 
 4505.000  2.802427e+02 
 4515.000  2.799091e+02 
 4525.000  2.792114e+02 
 4535.000  2.792037e+02 
 4545.000  2.775961e+02 
 4556.000  2.717152e+02 
 4566.000  2.717092e+02 
 4577.000  2.634181e+02 
 4587.000  2.634173e+02 
 4598.000  2.562536e+02 
 4608.000  2.562769e+02 
 4619.000  2.539649e+02 
 4630.000  2.547585e+02 
 4640.000  2.547028e+02 
 4651.000  2.558865e+02 
 4662.000  2.563981e+02 
 4673.000  2.551741e+02 
 4684.000  2.536357e+02 
 4695.000  2.537498e+02 
 4706.000  2.534541e+02 
 4717.000  2.545207e+02 
 4728.000  2.544586e+02 
 4739.000  2.551224e+02 
 4751.000  2.576238e+02 
 4762.000  2.595530e+02 
 4773.000  2.594986e+02 
 4785.000  2.627581e+02 
 4796.000  2.627094e+02 
 4808.000  2.668686e+02 
 4819.000  2.668283e+02 
 4831.000  2.686289e+02 
 4843.000  2.679063e+02 
 4854.000  2.681316e+02 
 4866.000  2.675193e+02 
 4878.000  2.678073e+02 
 4890.000  2.697262e+02 
 4902.000  2.714068e+02 
 4914.000  2.713677e+02 
 4926.000  2.730000e+02 
 4938.000  2.752060e+02 
 4950.000  2.769044e+02 
 4963.000  2.778161e+02 
 4975.000  2.780796e+02 
 4988.000  2.794764e+02 
 5000.000  2.796740e+02 
 5013.000  2.807950e+02 
 5025.000  2.810420e+02 
 5038.000  2.795203e+02 
 5051.000  2.803743e+02 
 5063.000  2.803543e+02 
 5076.000  2.815822e+02 
 5089.000  2.828882e+02 
 5102.000  2.839598e+02 
 5115.000  2.849218e+02 
 5128.000  2.853904e+02 
 5141.000  2.857220e+02 
 5155.000  2.857450e+02 
 5168.000  2.859178e+02 
 5181.000  2.859883e+02 
 5195.000  2.869782e+02 
 5208.000  2.870077e+02 
 5222.000  2.871692e+02 
 5236.000  2.871122e+02 
 5249.000  2.871111e+02 
 5263.000  2.870400e+02 
 5277.000  2.871172e+02 
 5291.000  2.871287e+02 
 5305.000  2.871392e+02 
 5319.000  2.871772e+02 
 5333.000  2.872935e+02 
 5348.000  2.874863e+02 
 5362.000  2.875190e+02 
 5376.000  2.875372e+02 
 5391.000  2.876709e+02 
 5405.000  2.876862e+02 
 5420.000  2.878293e+02 
 5435.000  2.879674e+02 
 5450.000  2.879540e+02 
 5464.000  2.879569e+02 
 5479.000  2.879105e+02 
 5495.000  2.878578e+02 
 5510.000  2.879077e+02 
 5525.000  2.879803e+02 
 5540.000  2.879801e+02 
 5556.000  2.880846e+02 
 5571.000  2.880846e+02 
 5587.000  2.881005e+02 
 5602.000  2.881004e+02 
 5618.000  2.881205e+02 
 5634.000  2.881260e+02 
 5650.000  2.881299e+02 
 5666.000  2.881342e+02 
 5682.000  2.881419e+02 
 5698.000  2.881419e+02 
 5714.000  2.881560e+02 
 5731.000  2.881662e+02 
 5747.000  2.881664e+02 
 5764.000  2.881532e+02 
 5780.000  2.881538e+02 
 5797.000  2.881471e+02 
 5814.000  2.881624e+02 
 5831.000  2.881708e+02 
 5848.000  2.881794e+02 
 5865.000  2.881794e+02 
 5882.000  2.881828e+02 
 5900.000  2.881829e+02 
 5917.000  2.881830e+02 
 5935.000  2.881808e+02 
 5952.000  2.881809e+02 
 5970.000  2.881784e+02 
 5988.000  2.881763e+02 
 6006.000  2.881736e+02 
 6024.000  2.881736e+02 
 6042.000  2.881757e+02 
 6061.000  2.881765e+02 
 6079.000  2.881765e+02 
 6098.000  2.881686e+02 
 6116.000  2.881686e+02 
 6135.000  2.881630e+02 
 6154.000  2.881560e+02 
 6173.000  2.881346e+02 
 6192.000  2.881035e+02 
 6211.000  2.881014e+02 
 6231.000  2.880229e+02 
 6250.000  2.880237e+02 
 6270.000  2.880113e+02 
 6289.000  2.880167e+02 
 6309.000  2.880397e+02 
 6329.000  2.880852e+02 
 6349.000  2.881317e+02 
 6369.000  2.881620e+02 
 6390.000  2.881790e+02 
 6410.000  2.881792e+02 
 6431.000  2.881788e+02 
 6452.000  2.881798e+02 
 6472.000  2.881798e+02 
 6494.000  2.881824e+02 
 6515.000  2.881830e+02 
 6536.000  2.881838e+02 
 6557.000  2.881837e+02 
 6579.000  2.881828e+02 
 6601.000  2.881820e+02 
 6623.000  2.881797e+02 
 6645.000  2.881744e+02 
 6667.000  2.881639e+02 
 6689.000  2.881528e+02 
 6711.000  2.881522e+02 
 6734.000  2.881379e+02 
 6757.000  2.881345e+02 
 6780.000  2.881409e+02 
 6803.000  2.881445e+02 
 6826.000  2.881402e+02 
 6849.000  2.881394e+02 
 6873.000  2.880922e+02 
 6897.000  2.880643e+02 
 6920.000  2.880641e+02 
 6944.000  2.880521e+02 
 6969.000  2.880707e+02 
 6993.000  2.880678e+02 
 7018.000  2.880469e+02 
 7042.000  2.880426e+02 
 7067.000  2.880015e+02 
 7092.000  2.879755e+02 
 7117.000  2.879775e+02 
 7143.000  2.879707e+02 
 7168.000  2.879705e+02 
 7194.000  2.879414e+02 
 7220.000  2.878828e+02 
 7246.000  2.878262e+02 
 7273.000  2.877635e+02 
 7299.000  2.877490e+02 
 7326.000  2.876615e+02 
 7353.000  2.872937e+02 
 7380.000  2.872921e+02 
 7407.000  2.871135e+02 
 7435.000  2.868835e+02 
 7463.000  2.865582e+02 
 7491.000  2.864569e+02 
 7519.000  2.861664e+02 
 7547.000  2.861610e+02 
 7576.000  2.852792e+02 
 7605.000  2.840457e+02 
 7634.000  2.816245e+02 
 7663.000  2.806731e+02 
 7692.000  2.799067e+02 
 7722.000  2.788363e+02 
 7752.000  2.771520e+02 
 7782.000  2.771085e+02 
 7813.000  2.768454e+02 
 7843.000  2.768047e+02 
 7874.000  2.770024e+02 
 7905.000  2.754355e+02 
 7937.000  2.689922e+02 
 7968.000  2.689181e+02 
 8000.000  2.638078e+02 
 8032.000  2.594276e+02 
 8065.000  2.525834e+02 
 8097.000  2.524369e+02 
 8130.000  2.512112e+02 
 8163.000  2.522223e+02 
 8197.000  2.509603e+02 
 8230.000  2.508105e+02 
 8264.000  2.476453e+02 
 8299.000  2.398207e+02 
 8333.000  2.393836e+02 
 8368.000  2.369350e+02 
 8403.000  2.365448e+02 
 8439.000  2.365759e+02 
 8475.000  2.355377e+02 
 8511.000  2.324185e+02 
 8547.000  2.320220e+02 
 8584.000  2.260426e+02 
 8621.000  2.234795e+02 
 8658.000  2.232116e+02 
 8696.000  2.213496e+02 
 8734.000  2.207666e+02 
 8772.000  2.197757e+02 
 8811.000  2.162534e+02 
 8850.000  2.151841e+02 
 8889.000  2.148468e+02 
 8929.000  2.144719e+02 
 8969.000  2.154263e+02 
 9009.000  2.151625e+02 
 9050.000  2.125916e+02 
 9091.000  2.102954e+02 
 9132.000  2.099776e+02 
 9174.000  2.099794e+02 
 9217.000  2.129503e+02 
 9259.000  2.127445e+02 
 9302.000  2.142710e+02 
 9346.000  2.235844e+02 
 9390.000  2.323246e+02 
 9434.000  2.380459e+02 
 9479.000  2.398037e+02 
 9524.000  2.388939e+02 
 9569.000  2.387802e+02 
 9615.000  2.381073e+02 
 9662.000  2.373560e+02 
 9709.000  2.364930e+02 
 9756.000  2.363749e+02 
 9804.000  2.292898e+02 
 9852.000  2.291418e+02 
 9901.000  2.177423e+02 
 9950.000  2.175382e+02 
10000.000  2.115872e+02 
10050.000  2.068961e+02 
10101.000  2.045232e+02 
10152.000  2.045286e+02 
10204.000  2.057795e+02 
10256.000  2.070372e+02 
10309.000  2.069845e+02 
10363.000  2.053419e+02 
10417.000  2.056693e+02 
10471.000  2.053654e+02 
10526.000  2.054140e+02 
10582.000  2.051884e+02 
10638.000  2.044972e+02 
10695.000  2.035917e+02 
10753.000  2.036829e+02 
10811.000  2.035074e+02 
10870.000  2.039902e+02 
10929.000  2.031986e+02 
10989.000  2.034166e+02 
11050.000  2.025703e+02 
11111.000  2.028254e+02 
11173.000  2.040839e+02 
11236.000  2.075938e+02 
11299.000  2.072454e+02 
11364.000  2.072749e+02 
11429.000  2.067460e+02 
11494.000  2.070370e+02 
11561.000  2.098258e+02 
11628.000  2.136961e+02 
11696.000  2.136128e+02 
11765.000  2.124509e+02 
11834.000  2.120762e+02 
11905.000  2.099009e+02 
11976.000  2.096303e+02 
12048.000  2.098750e+02 
12121.000  2.117447e+02 
12195.000  2.137717e+02 
12270.000  2.242956e+02 
12346.000  2.299396e+02 
12422.000  2.296122e+02 
12500.000  2.335153e+02 
12579.000  2.338553e+02 
12658.000  2.341014e+02 
12739.000  2.333763e+02 
12821.000  2.351481e+02 
12903.000  2.348218e+02 
12987.000  2.387647e+02 
13072.000  2.526974e+02 
13158.000  2.613139e+02 
13245.000  2.611559e+02 
13333.000  2.678363e+02 
13423.000  2.763546e+02 
13514.000  2.790821e+02 
13605.000  2.790438e+02 
13699.000  2.830751e+02 
13793.000  2.830605e+02 
13889.000  2.858310e+02 
13986.000  2.858280e+02 
14085.000  2.871689e+02 
14184.000  2.871683e+02 
14286.000  2.877881e+02 
14388.000  2.877879e+02 
14493.000  2.880197e+02 
14599.000  2.880673e+02 
14706.000  2.880908e+02 
14815.000  2.881017e+02 
14925.000  2.881017e+02 
15038.000  2.880785e+02 
15152.000  2.880500e+02 
15267.000  2.880500e+02 
15385.000  2.879058e+02 
15504.000  2.877399e+02 
15625.000  2.877407e+02 
15748.000  2.874711e+02 
15873.000  2.870685e+02 
16000.000  2.865095e+02 
16129.000  2.858193e+02 
16260.000  2.849532e+02 
16393.000  2.838838e+02 
16529.000  2.820351e+02 
16667.000  2.818961e+02 
16807.000  2.815837e+02 
16949.000  2.817804e+02 
17094.000  2.819596e+02 
17241.000  2.824954e+02 
17391.000  2.825817e+02 
17544.000  2.826143e+02 
17699.000  2.825280e+02 
17857.000  2.823270e+02 
18018.000  2.829066e+02 
18182.000  2.840319e+02 
18349.000  2.839235e+02 
18519.000  2.846375e+02 
18692.000  2.848547e+02 
18868.000  2.858429e+02 
19048.000  2.864061e+02 
19231.000  2.867923e+02 
19417.000  2.867791e+02 
19608.000  2.868009e+02 
19802.000  2.865848e+02 
20000.000  2.866777e+02 
20202.000  2.866419e+02 
20408.000  2.867770e+02 
20619.000  2.870928e+02 
20833.000  2.871440e+02 
21053.000  2.874253e+02 
21277.000  2.874963e+02 
21505.000  2.874909e+02 
21739.000  2.875853e+02 
21978.000  2.876357e+02 
22222.000  2.876321e+02 
22472.000  2.876605e+02 
22727.000  2.876841e+02 
22989.000  2.877931e+02 
23256.000  2.878538e+02 
23529.000  2.878509e+02 
23810.000  2.878357e+02 
24096.000  2.878319e+02 
24390.000  2.878210e+02 
24691.000  2.878551e+02 
25000.000  2.879271e+02 
25316.000  2.879810e+02 
25641.000  2.880107e+02 
25974.000  2.880441e+02 
26316.000  2.880597e+02 
26667.000  2.880672e+02 
27027.000  2.880725e+02 
27397.000  2.880858e+02 
27778.000  2.881347e+02 
28169.000  2.881341e+02 
28571.000  2.881449e+02 
28986.000  2.881316e+02 
29412.000  2.881376e+02 
29851.000  2.881381e+02 
30303.000  2.881410e+02 
30769.000  2.881437e+02 
31250.000  2.881410e+02 
31746.000  2.881436e+02 
32258.000  2.881458e+02 
32787.000  2.881567e+02 
33333.000  2.881583e+02 
33898.000  2.881631e+02 
34483.000  2.881742e+02 
35088.000  2.881755e+02 
35714.000  2.881764e+02 
36364.000  2.881693e+02 
37037.000  2.881700e+02 
37736.000  2.881727e+02 
38462.000  2.881789e+02 
39216.000  2.881803e+02 
40000.000  2.881807e+02 
40816.000  2.881806e+02 
41667.000  2.881812e+02 
42553.000  2.881808e+02 
43478.000  2.881842e+02 
44444.000  2.881869e+02 
45455.000  2.881902e+02 
46512.000  2.881907e+02 
47619.000  2.881907e+02 
48780.000  2.881907e+02 
50000.000  2.881901e+02 
51282.000  2.881888e+02 
52632.000  2.881892e+02 
54054.000  2.881890e+02 
55556.000  2.881917e+02 
57143.000  2.881920e+02 
58824.000  2.881922e+02 
60606.000  2.881920e+02 
62500.000  2.881921e+02 
64516.000  2.881929e+02 
66667.000  2.881935e+02 
68966.000  2.881938e+02 
71429.000  2.881940e+02 
74074.000  2.881939e+02 
76923.000  2.881938e+02 
80000.000  2.881936e+02 
83333.000  2.881930e+02 
86957.000  2.881929e+02 
90909.000  2.881929e+02 
95238.000  2.881940e+02 
100000.000  2.881946e+02 
